  [1m[35m (342.0ms)[0m  [1m[35mCREATE DATABASE "ninety9_cats_development" ENCODING = 'unicode'[0m
  ↳ bin/rails:9
  [1m[35m (251.5ms)[0m  [1m[35mCREATE DATABASE "ninety9_cats_test" ENCODING = 'unicode'[0m
  ↳ bin/rails:9
  [1m[35m (19.1ms)[0m  [1m[35mCREATE TABLE "schema_migrations" ("version" character varying NOT NULL PRIMARY KEY)[0m
  ↳ bin/rails:9
  [1m[35m (4.8ms)[0m  [1m[35mCREATE TABLE "ar_internal_metadata" ("key" character varying NOT NULL PRIMARY KEY, "value" character varying, "created_at" timestamp NOT NULL, "updated_at" timestamp NOT NULL)[0m
  ↳ bin/rails:9
  [1m[35m (0.2ms)[0m  [1m[34mSELECT pg_try_advisory_lock(1952071098474148365)[0m
  ↳ bin/rails:9
  [1m[35m (1.1ms)[0m  [1m[34mSELECT "schema_migrations"."version" FROM "schema_migrations" ORDER BY "schema_migrations"."version" ASC[0m
  ↳ bin/rails:9
Migrating to CreateCats (20191122201243)
  [1m[35m (0.2ms)[0m  [1m[35mBEGIN[0m
  ↳ bin/rails:9
  [1m[35m (7.0ms)[0m  [1m[35mCREATE TABLE "cats" ("id" bigserial primary key, "birth_date" date NOT NULL, "color" character varying, "name" character varying NOT NULL, "sex" character varying(1), "description" text, "created_at" timestamp NOT NULL, "updated_at" timestamp NOT NULL)[0m
  ↳ db/migrate/20191122201243_create_cats.rb:3
  [1m[36mActiveRecord::SchemaMigration Create (0.6ms)[0m  [1m[32mINSERT INTO "schema_migrations" ("version") VALUES ($1) RETURNING "version"[0m  [["version", "20191122201243"]]
  ↳ bin/rails:9
  [1m[35m (0.5ms)[0m  [1m[35mCOMMIT[0m
  ↳ bin/rails:9
  [1m[36mActiveRecord::InternalMetadata Load (0.5ms)[0m  [1m[34mSELECT  "ar_internal_metadata".* FROM "ar_internal_metadata" WHERE "ar_internal_metadata"."key" = $1 LIMIT $2[0m  [["key", "environment"], ["LIMIT", 1]]
  ↳ bin/rails:9
  [1m[35m (0.2ms)[0m  [1m[35mBEGIN[0m
  ↳ bin/rails:9
  [1m[36mActiveRecord::InternalMetadata Create (0.6ms)[0m  [1m[32mINSERT INTO "ar_internal_metadata" ("key", "value", "created_at", "updated_at") VALUES ($1, $2, $3, $4) RETURNING "key"[0m  [["key", "environment"], ["value", "development"], ["created_at", "2019-11-22 20:18:41.362742"], ["updated_at", "2019-11-22 20:18:41.362742"]]
  ↳ bin/rails:9
  [1m[35m (0.3ms)[0m  [1m[35mCOMMIT[0m
  ↳ bin/rails:9
  [1m[35m (0.5ms)[0m  [1m[34mSELECT pg_advisory_unlock(1952071098474148365)[0m
  ↳ bin/rails:9
  [1m[35m (0.4ms)[0m  [1m[34mSELECT "schema_migrations"."version" FROM "schema_migrations" ORDER BY "schema_migrations"."version" ASC[0m
  ↳ bin/rails:9
Started GET "/" for ::1 at 2019-11-22 15:37:33 -0800
  [1m[35m (1.2ms)[0m  [1m[34mSELECT "schema_migrations"."version" FROM "schema_migrations" ORDER BY "schema_migrations"."version" ASC[0m
  ↳ /Users/appacademy/.rbenv/versions/2.5.1/lib/ruby/gems/2.5.0/gems/activerecord-5.2.3/lib/active_record/log_subscriber.rb:98
Processing by Rails::WelcomeController#index as HTML
  Rendering /Users/appacademy/.rbenv/versions/2.5.1/lib/ruby/gems/2.5.0/gems/railties-5.2.3/lib/rails/templates/rails/welcome/index.html.erb
  Rendered /Users/appacademy/.rbenv/versions/2.5.1/lib/ruby/gems/2.5.0/gems/railties-5.2.3/lib/rails/templates/rails/welcome/index.html.erb (4.1ms)
Completed 200 OK in 18ms (Views: 13.6ms | ActiveRecord: 0.0ms)


Started GET "/cats" for ::1 at 2019-11-22 15:37:49 -0800
Processing by CatsController#index as HTML
  Rendering cats/index.html.erb within layouts/application
  [1m[36mCat Load (1.5ms)[0m  [1m[34mSELECT "cats".* FROM "cats"[0m
  ↳ app/views/cats/index.html.erb:7
  Rendered cats/index.html.erb within layouts/application (7.8ms)
Completed 200 OK in 683ms (Views: 674.7ms | ActiveRecord: 4.7ms)


Started POST "/cats/" for ::1 at 2019-11-22 15:38:47 -0800

AbstractController::ActionNotFound - The action 'create' could not be found for CatsController:

Started GET "/cats/" for ::1 at 2019-11-22 15:39:10 -0800
Processing by CatsController#index as */*
  Parameters: {"like"=>{"likeable_id"=>"2", "likeable_type"=>"Artwork"}}
  Rendering cats/index.html.erb within layouts/application
  [1m[36mCat Load (1.9ms)[0m  [1m[34mSELECT "cats".* FROM "cats"[0m
  ↳ app/views/cats/index.html.erb:7
  Rendered cats/index.html.erb within layouts/application (4.7ms)
Completed 200 OK in 59ms (Views: 56.5ms | ActiveRecord: 1.9ms)


Started GET "/cats/new" for ::1 at 2019-11-22 15:39:52 -0800
Processing by CatsController#new as */*
  Parameters: {"like"=>{"likeable_id"=>"2", "likeable_type"=>"Artwork"}}
  Rendering cats/new.html.erb within layouts/application
  Rendered cats/new.html.erb within layouts/application (287.6ms)
Completed 500 Internal Server Error in 322ms (ActiveRecord: 0.0ms)



NoMethodError - undefined method `redirect_to' for #<#<Class:0x00007fe2e1b9ea58>:0x00007fe2e3b6cf60>:
  app/views/cats/new.html.erb:1:in `_app_views_cats_new_html_erb___649705251593230115_70306229894020'
  app/controllers/cats_controller.rb:17:in `new'

Started GET "/cats/new" for ::1 at 2019-11-22 15:40:23 -0800
Processing by CatsController#new as */*
  Parameters: {"like"=>{"likeable_id"=>"2", "likeable_type"=>"Artwork"}}
  Rendering cats/new.html.erb within layouts/application
  Rendered cats/new.html.erb within layouts/application (468.0ms)
Completed 500 Internal Server Error in 505ms (ActiveRecord: 0.0ms)



NoMethodError - undefined method `redirect_to' for #<#<Class:0x00007fe2e1b9ea58>:0x00007fe2e6aaac00>:
  app/views/cats/new.html.erb:1:in `_app_views_cats_new_html_erb___649705251593230115_70306261717660'
  app/controllers/cats_controller.rb:17:in `new'

Started GET "/cats/new" for ::1 at 2019-11-22 15:40:43 -0800
Processing by CatsController#new as */*
  Parameters: {"like"=>{"likeable_id"=>"2", "likeable_type"=>"Artwork"}}
  Rendering cats/new.html.erb within layouts/application
  Rendered cats/new.html.erb within layouts/application (370.3ms)
Completed 500 Internal Server Error in 408ms (ActiveRecord: 0.0ms)



NoMethodError - undefined method `redirect_to' for #<#<Class:0x00007fe2e1b9ea58>:0x00007fe2e6b63700>:
  app/views/cats/new.html.erb:1:in `_app_views_cats_new_html_erb___649705251593230115_70306255014340'
  app/controllers/cats_controller.rb:17:in `new'

Started GET "/cats/new" for ::1 at 2019-11-22 16:22:00 -0800
Processing by CatsController#new as */*
  Parameters: {"like"=>{"likeable_id"=>"2", "likeable_type"=>"Artwork"}}
  Rendering cats/new.html.erb within layouts/application
  Rendered cats/new.html.erb within layouts/application (290.2ms)
Completed 500 Internal Server Error in 316ms (ActiveRecord: 0.0ms)



NoMethodError - undefined method `redirect_to' for #<#<Class:0x00007fe2e39a7f68>:0x00007fe2e39a4278>:
  app/views/cats/new.html.erb:1:in `_app_views_cats_new_html_erb___649705251593230115_70306228911220'
  app/controllers/cats_controller.rb:17:in `new'

Started GET "/cats/new" for ::1 at 2019-11-22 16:29:04 -0800
Processing by CatsController#new as */*
  Parameters: {"like"=>{"likeable_id"=>"2", "likeable_type"=>"Artwork"}}
  Rendering cats/new.html.erb within layouts/application
  Rendered cats/new.html.erb within layouts/application (698.2ms)
Completed 500 Internal Server Error in 726ms (ActiveRecord: 0.0ms)



NameError - undefined local variable or method `colors' for #<#<Class:0x00007fe2e55e6b48>:0x00007fe2e5636cd8>:
  app/views/cats/new.html.erb:12:in `_app_views_cats_new_html_erb___649705251593230115_70306243883760'
  app/controllers/cats_controller.rb:27:in `new'

Started GET "/cats/new" for ::1 at 2019-11-22 16:29:56 -0800
Processing by CatsController#new as */*
  Parameters: {"like"=>{"likeable_id"=>"2", "likeable_type"=>"Artwork"}}
  Rendering cats/new.html.erb within layouts/application
  Rendered cats/new.html.erb within layouts/application (27.0ms)
Completed 500 Internal Server Error in 51ms (ActiveRecord: 0.0ms)



NameError - uninitialized class variable @@COLORS in ActionView::CompiledTemplates:
  app/views/cats/new.html.erb:12:in `_app_views_cats_new_html_erb___649705251593230115_70306262339840'
  app/controllers/cats_controller.rb:27:in `new'

Started GET "/cats/new" for ::1 at 2019-11-22 16:30:57 -0800
Processing by CatsController#new as */*
  Parameters: {"like"=>{"likeable_id"=>"2", "likeable_type"=>"Artwork"}}
  Rendering cats/new.html.erb within layouts/application
  Rendered cats/new.html.erb within layouts/application (36.1ms)
Completed 500 Internal Server Error in 68ms (ActiveRecord: 0.0ms)



NameError - uninitialized constant ActionView::CompiledTemplates::COLORS:
  app/views/cats/new.html.erb:12:in `_app_views_cats_new_html_erb___649705251593230115_70306254930180'
  app/controllers/cats_controller.rb:27:in `new'

Started GET "/cats/new" for ::1 at 2019-11-22 16:38:00 -0800
Processing by CatsController#new as */*
  Parameters: {"like"=>{"likeable_id"=>"2", "likeable_type"=>"Artwork"}}
  Rendering cats/new.html.erb within layouts/application
  Rendered cats/new.html.erb within layouts/application (467.5ms)
Completed 500 Internal Server Error in 497ms (ActiveRecord: 0.0ms)



NameError - undefined local variable or method `colors' for #<#<Class:0x00007fe2e517f0a0>:0x00007fe2e51753c0>:
  app/views/cats/new.html.erb:12:in `_app_views_cats_new_html_erb___649705251593230115_70306218992420'
  app/controllers/cats_controller.rb:27:in `new'

Started GET "/cats/new" for ::1 at 2019-11-22 16:40:06 -0800
Processing by CatsController#new as */*
  Parameters: {"like"=>{"likeable_id"=>"2", "likeable_type"=>"Artwork"}}
  Rendering cats/new.html.erb within layouts/application
  Rendered cats/new.html.erb within layouts/application (54.4ms)
Completed 500 Internal Server Error in 87ms (ActiveRecord: 0.0ms)



NameError - uninitialized constant Cat::COLORS:
  app/models/cat.rb:10:in `<class:Cat>'
  app/models/cat.rb:1:in `<top (required)>'
  app/views/cats/new.html.erb:12:in `_app_views_cats_new_html_erb___649705251593230115_70306262649800'
  app/controllers/cats_controller.rb:27:in `new'

Started GET "/cats/new" for ::1 at 2019-11-22 16:40:34 -0800
Processing by CatsController#new as */*
  Parameters: {"like"=>{"likeable_id"=>"2", "likeable_type"=>"Artwork"}}
  Rendering cats/new.html.erb within layouts/application
  Rendered cats/new.html.erb within layouts/application (51.0ms)
Completed 500 Internal Server Error in 77ms (ActiveRecord: 8.9ms)



NoMethodError - undefined method `colors' for #<Class:0x00007fe2e1e88408>:
  app/views/cats/new.html.erb:12:in `_app_views_cats_new_html_erb___649705251593230115_70306241116980'
  app/controllers/cats_controller.rb:27:in `new'

Started GET "/cats/new" for ::1 at 2019-11-22 16:42:07 -0800
Processing by CatsController#new as */*
  Parameters: {"like"=>{"likeable_id"=>"2", "likeable_type"=>"Artwork"}}
  Rendering cats/new.html.erb within layouts/application
  Rendered cats/new.html.erb within layouts/application (7.6ms)
Completed 200 OK in 60ms (Views: 59.5ms | ActiveRecord: 0.0ms)


Started GET "/cats/new" for ::1 at 2019-11-22 16:43:58 -0800
Processing by CatsController#new as */*
  Parameters: {"like"=>{"likeable_id"=>"2", "likeable_type"=>"Artwork"}}
  Rendering cats/new.html.erb within layouts/application
  Rendered cats/new.html.erb within layouts/application (0.8ms)
Completed 200 OK in 47ms (Views: 47.1ms | ActiveRecord: 0.0ms)


Started GET "/cats/new" for ::1 at 2019-11-22 16:44:22 -0800
Processing by CatsController#new as */*
  Parameters: {"like"=>{"likeable_id"=>"2", "likeable_type"=>"Artwork"}}
  Rendering cats/new.html.erb within layouts/application
  Rendered cats/new.html.erb within layouts/application (1.0ms)
Completed 200 OK in 55ms (Views: 55.0ms | ActiveRecord: 0.0ms)


Started GET "/cats/new" for ::1 at 2019-11-22 16:44:38 -0800
Processing by CatsController#new as */*
  Parameters: {"like"=>{"likeable_id"=>"2", "likeable_type"=>"Artwork"}}
  Rendering cats/new.html.erb within layouts/application
  Rendered cats/new.html.erb within layouts/application (0.7ms)
Completed 200 OK in 47ms (Views: 46.7ms | ActiveRecord: 0.0ms)


Started GET "/cats/new" for ::1 at 2019-11-22 16:44:50 -0800
Processing by CatsController#new as */*
  Parameters: {"like"=>{"likeable_id"=>"2", "likeable_type"=>"Artwork"}}
  Rendering cats/new.html.erb within layouts/application
  Rendered cats/new.html.erb within layouts/application (0.9ms)
Completed 200 OK in 45ms (Views: 44.7ms | ActiveRecord: 0.0ms)


Started GET "/cats/new" for ::1 at 2019-11-22 16:46:26 -0800
Processing by CatsController#new as */*
  Parameters: {"like"=>{"likeable_id"=>"2", "likeable_type"=>"Artwork"}}
  Rendering cats/new.html.erb within layouts/application
  Rendered cats/new.html.erb within layouts/application (1.0ms)
Completed 200 OK in 44ms (Views: 43.9ms | ActiveRecord: 0.0ms)


Started GET "/cats/new" for ::1 at 2019-11-22 16:47:24 -0800
Processing by CatsController#new as HTML
  Rendering cats/new.html.erb within layouts/application
  Rendered cats/new.html.erb within layouts/application (1.5ms)
Completed 200 OK in 41ms (Views: 40.7ms | ActiveRecord: 0.0ms)


Started POST "/cats" for ::1 at 2019-11-22 16:48:41 -0800
Processing by CatsController#create as HTML
  Parameters: {"cat"=>{"name"=>"Pumpu", "sex"=>"F", "color"=>"Blue", "birth_date"=>"2020-01-01", "description"=>"Pumpu is a cat from future"}}
Can't verify CSRF token authenticity.
Completed 422 Unprocessable Entity in 1ms (ActiveRecord: 0.0ms)



ActionController::InvalidAuthenticityToken - ActionController::InvalidAuthenticityToken:

Started POST "/__better_errors/edfe004887c75c94/variables" for ::1 at 2019-11-22 16:48:41 -0800
Started POST "/cats" for ::1 at 2019-11-22 16:49:52 -0800

NoMethodError - undefined method `skp_before_action' for ApplicationController:Class
Did you mean?  skip_before_action
               before_action:
  app/controllers/application_controller.rb:2:in `<class:ApplicationController>'
  app/controllers/application_controller.rb:1:in `<top (required)>'
  app/controllers/cats_controller.rb:1:in `<top (required)>'

Started POST "/__better_errors/f13894df571da14d/variables" for ::1 at 2019-11-22 16:49:53 -0800
Started POST "/cats" for ::1 at 2019-11-22 16:50:38 -0800
Processing by CatsController#create as HTML
  Parameters: {"cat"=>{"name"=>"Pumpu", "sex"=>"F", "color"=>"Blue", "birth_date"=>"2020-01-01", "description"=>"Pumpu is a cat from future"}}
  [1m[35m (0.3ms)[0m  [1m[35mBEGIN[0m
  ↳ app/controllers/cats_controller.rb:9
  [1m[36mCat Create (2.0ms)[0m  [1m[32mINSERT INTO "cats" ("birth_date", "color", "name", "sex", "description", "created_at", "updated_at") VALUES ($1, $2, $3, $4, $5, $6, $7) RETURNING "id"[0m  [["birth_date", "2020-01-01"], ["color", "Blue"], ["name", "Pumpu"], ["sex", "F"], ["description", "Pumpu is a cat from future"], ["created_at", "2019-11-23 00:50:38.705918"], ["updated_at", "2019-11-23 00:50:38.705918"]]
  ↳ app/controllers/cats_controller.rb:9
  [1m[35m (0.6ms)[0m  [1m[35mCOMMIT[0m
  ↳ app/controllers/cats_controller.rb:9
Redirected to http://localhost:3000/cats
Completed 302 Found in 30ms (ActiveRecord: 10.8ms)


Started GET "/cats" for ::1 at 2019-11-22 16:50:38 -0800
Processing by CatsController#index as HTML
  Rendering cats/index.html.erb within layouts/application
  [1m[36mCat Load (1.0ms)[0m  [1m[34mSELECT "cats".* FROM "cats"[0m
  ↳ app/views/cats/index.html.erb:7
  Rendered cats/index.html.erb within layouts/application (7.4ms)
Completed 500 Internal Server Error in 13ms (ActiveRecord: 1.0ms)



ActionController::UrlGenerationError - No route matches {:action=>"show", :controller=>"cats"}, missing required keys: [:id]:
  app/views/cats/index.html.erb:9:in `block in _app_views_cats_index_html_erb___688676365045273419_70306254800360'
  app/views/cats/index.html.erb:7:in `_app_views_cats_index_html_erb___688676365045273419_70306254800360'
  app/controllers/cats_controller.rb:4:in `index'

Started POST "/__better_errors/6556ec2c9b2ed41f/variables" for ::1 at 2019-11-22 16:50:38 -0800
Started POST "/cats" for ::1 at 2019-11-22 16:51:08 -0800
Processing by CatsController#create as HTML
  Parameters: {"cat"=>{"name"=>"Pumpu", "sex"=>"F", "color"=>"Blue", "birth_date"=>"2020-01-01", "description"=>"Pumpu is a cat from future"}}
  [1m[35m (0.2ms)[0m  [1m[35mBEGIN[0m
  ↳ app/controllers/cats_controller.rb:9
  [1m[36mCat Create (2.1ms)[0m  [1m[32mINSERT INTO "cats" ("birth_date", "color", "name", "sex", "description", "created_at", "updated_at") VALUES ($1, $2, $3, $4, $5, $6, $7) RETURNING "id"[0m  [["birth_date", "2020-01-01"], ["color", "Blue"], ["name", "Pumpu"], ["sex", "F"], ["description", "Pumpu is a cat from future"], ["created_at", "2019-11-23 00:51:08.932374"], ["updated_at", "2019-11-23 00:51:08.932374"]]
  ↳ app/controllers/cats_controller.rb:9
  [1m[35m (2.1ms)[0m  [1m[35mCOMMIT[0m
  ↳ app/controllers/cats_controller.rb:9
Redirected to http://localhost:3000/cats
Completed 302 Found in 10ms (ActiveRecord: 4.5ms)


Started GET "/cats" for ::1 at 2019-11-22 16:51:08 -0800
Processing by CatsController#index as HTML
  Rendering cats/index.html.erb within layouts/application
  [1m[36mCat Load (0.6ms)[0m  [1m[34mSELECT "cats".* FROM "cats"[0m
  ↳ app/views/cats/index.html.erb:7
  Rendered cats/index.html.erb within layouts/application (6.1ms)
Completed 500 Internal Server Error in 11ms (ActiveRecord: 0.6ms)



ActionController::UrlGenerationError - No route matches {:action=>"show", :controller=>"cats"}, missing required keys: [:id]:
  app/views/cats/index.html.erb:9:in `block in _app_views_cats_index_html_erb___688676365045273419_70306226209620'
  app/views/cats/index.html.erb:7:in `_app_views_cats_index_html_erb___688676365045273419_70306226209620'
  app/controllers/cats_controller.rb:4:in `index'

Started POST "/__better_errors/ad08c311bd81a2ea/variables" for ::1 at 2019-11-22 16:51:09 -0800
Started POST "/cats" for ::1 at 2019-11-22 16:51:47 -0800
Processing by CatsController#create as HTML
  Parameters: {"cat"=>{"name"=>"Pumpu", "sex"=>"F", "color"=>"Blue", "birth_date"=>"2020-01-01", "description"=>"Pumpu is a cat from future"}}
  [1m[35m (1.2ms)[0m  [1m[35mBEGIN[0m
  ↳ app/controllers/cats_controller.rb:9
  [1m[36mCat Create (0.8ms)[0m  [1m[32mINSERT INTO "cats" ("birth_date", "color", "name", "sex", "description", "created_at", "updated_at") VALUES ($1, $2, $3, $4, $5, $6, $7) RETURNING "id"[0m  [["birth_date", "2020-01-01"], ["color", "Blue"], ["name", "Pumpu"], ["sex", "F"], ["description", "Pumpu is a cat from future"], ["created_at", "2019-11-23 00:51:47.573391"], ["updated_at", "2019-11-23 00:51:47.573391"]]
  ↳ app/controllers/cats_controller.rb:9
  [1m[35m (2.2ms)[0m  [1m[35mCOMMIT[0m
  ↳ app/controllers/cats_controller.rb:9
Redirected to http://localhost:3000/cats
Completed 302 Found in 9ms (ActiveRecord: 4.3ms)


Started GET "/cats" for ::1 at 2019-11-22 16:51:47 -0800
Processing by CatsController#index as HTML
  Rendering cats/index.html.erb within layouts/application
  [1m[36mCat Load (0.7ms)[0m  [1m[34mSELECT "cats".* FROM "cats"[0m
  ↳ app/views/cats/index.html.erb:7
  Rendered cats/index.html.erb within layouts/application (5.8ms)
Completed 500 Internal Server Error in 11ms (ActiveRecord: 0.7ms)



ActionController::UrlGenerationError - No route matches {:action=>"show", :controller=>"cats"}, missing required keys: [:id]:
  app/views/cats/index.html.erb:9:in `block in _app_views_cats_index_html_erb___688676365045273419_70306224525840'
  app/views/cats/index.html.erb:7:in `_app_views_cats_index_html_erb___688676365045273419_70306224525840'
  app/controllers/cats_controller.rb:4:in `index'

Started POST "/__better_errors/b68f584cf0b9af61/variables" for ::1 at 2019-11-22 16:51:47 -0800
Started POST "/cats" for ::1 at 2019-11-22 16:52:05 -0800
Processing by CatsController#create as HTML
  Parameters: {"cat"=>{"name"=>"Pumpu", "sex"=>"F", "color"=>"Blue", "birth_date"=>"2020-01-01", "description"=>"Pumpu is a cat from future"}}
  [1m[35m (0.3ms)[0m  [1m[35mBEGIN[0m
  ↳ app/controllers/cats_controller.rb:9
  [1m[36mCat Create (0.8ms)[0m  [1m[32mINSERT INTO "cats" ("birth_date", "color", "name", "sex", "description", "created_at", "updated_at") VALUES ($1, $2, $3, $4, $5, $6, $7) RETURNING "id"[0m  [["birth_date", "2020-01-01"], ["color", "Blue"], ["name", "Pumpu"], ["sex", "F"], ["description", "Pumpu is a cat from future"], ["created_at", "2019-11-23 00:52:05.682438"], ["updated_at", "2019-11-23 00:52:05.682438"]]
  ↳ app/controllers/cats_controller.rb:9
  [1m[35m (2.4ms)[0m  [1m[35mCOMMIT[0m
  ↳ app/controllers/cats_controller.rb:9
Redirected to http://localhost:3000/cats
Completed 302 Found in 8ms (ActiveRecord: 3.5ms)


Started GET "/cats" for ::1 at 2019-11-22 16:52:05 -0800
Processing by CatsController#index as HTML
  Rendering cats/index.html.erb within layouts/application
  [1m[36mCat Load (0.5ms)[0m  [1m[34mSELECT "cats".* FROM "cats"[0m
  ↳ app/views/cats/index.html.erb:7
  Rendered cats/index.html.erb within layouts/application (289.4ms)
Completed 500 Internal Server Error in 294ms (ActiveRecord: 0.5ms)



NoMethodError - undefined method `redirect_to' for #<#<Class:0x00007fe2e6b09458>:0x00007fe2e22cce88>:
  app/views/cats/index.html.erb:9:in `block in _app_views_cats_index_html_erb___688676365045273419_70306254277320'
  app/views/cats/index.html.erb:7:in `_app_views_cats_index_html_erb___688676365045273419_70306254277320'
  app/controllers/cats_controller.rb:4:in `index'

Started POST "/__better_errors/6e670ac67a982148/variables" for ::1 at 2019-11-22 16:52:06 -0800
Started POST "/cats" for ::1 at 2019-11-22 16:52:44 -0800
Processing by CatsController#create as HTML
  Parameters: {"cat"=>{"name"=>"Pumpu", "sex"=>"F", "color"=>"Blue", "birth_date"=>"2020-01-01", "description"=>"Pumpu is a cat from future"}}
  [1m[35m (0.4ms)[0m  [1m[35mBEGIN[0m
  ↳ app/controllers/cats_controller.rb:9
  [1m[36mCat Create (1.3ms)[0m  [1m[32mINSERT INTO "cats" ("birth_date", "color", "name", "sex", "description", "created_at", "updated_at") VALUES ($1, $2, $3, $4, $5, $6, $7) RETURNING "id"[0m  [["birth_date", "2020-01-01"], ["color", "Blue"], ["name", "Pumpu"], ["sex", "F"], ["description", "Pumpu is a cat from future"], ["created_at", "2019-11-23 00:52:44.634583"], ["updated_at", "2019-11-23 00:52:44.634583"]]
  ↳ app/controllers/cats_controller.rb:9
  [1m[35m (2.2ms)[0m  [1m[35mCOMMIT[0m
  ↳ app/controllers/cats_controller.rb:9
Redirected to http://localhost:3000/cats
Completed 302 Found in 8ms (ActiveRecord: 3.9ms)


Started GET "/cats" for ::1 at 2019-11-22 16:52:44 -0800
Processing by CatsController#index as HTML
  Rendering cats/index.html.erb within layouts/application
  [1m[36mCat Load (0.7ms)[0m  [1m[34mSELECT "cats".* FROM "cats"[0m
  ↳ app/views/cats/index.html.erb:7
  Rendered cats/index.html.erb within layouts/application (3.1ms)
Completed 200 OK in 26ms (Views: 24.8ms | ActiveRecord: 0.7ms)


Started GET "/cats" for ::1 at 2019-11-22 16:53:04 -0800
Processing by CatsController#index as HTML
  Rendering cats/index.html.erb within layouts/application
  [1m[36mCat Load (0.7ms)[0m  [1m[34mSELECT "cats".* FROM "cats"[0m
  ↳ app/views/cats/index.html.erb:7
  Rendered cats/index.html.erb within layouts/application (3.4ms)
Completed 200 OK in 25ms (Views: 23.8ms | ActiveRecord: 0.7ms)


Started GET "/cats/1" for ::1 at 2019-11-22 16:54:05 -0800
Processing by CatsController#show as HTML
  Parameters: {"id"=>"1"}
  [1m[36mCat Load (0.4ms)[0m  [1m[34mSELECT  "cats".* FROM "cats" WHERE "cats"."id" = $1 LIMIT $2[0m  [["id", 1], ["LIMIT", 1]]
  ↳ app/controllers/cats_controller.rb:18
  Rendering cats/show.html.erb within layouts/application
  Rendered cats/show.html.erb within layouts/application (1.7ms)
Completed 200 OK in 48ms (Views: 31.9ms | ActiveRecord: 0.8ms)


Started GET "/cats" for ::1 at 2019-11-22 16:54:22 -0800
Processing by CatsController#index as HTML
  Rendering cats/index.html.erb within layouts/application
  [1m[36mCat Load (0.9ms)[0m  [1m[34mSELECT "cats".* FROM "cats"[0m
  ↳ app/views/cats/index.html.erb:7
  Rendered cats/index.html.erb within layouts/application (3.3ms)
Completed 200 OK in 31ms (Views: 29.6ms | ActiveRecord: 0.9ms)


Started GET "/cats" for ::1 at 2019-11-22 16:59:07 -0800
Processing by CatsController#index as HTML
  Rendering cats/index.html.erb within layouts/application
  Rendered cats/index.html.erb within layouts/application (2.0ms)
Completed 500 Internal Server Error in 14ms (ActiveRecord: 0.0ms)



SyntaxError - syntax error, unexpected '<'
...tput_buffer.append=( cat.name%</a>
...                              ^
/Users/appacademy/Desktop/W6D5/ninety9_cats/app/views/cats/index.html.erb:10: unknown regexp options - tr
/Users/appacademy/Desktop/W6D5/ninety9_cats/app/views/cats/index.html.erb:11: syntax error, unexpected '<'
    <% end );@output_buffer.safe_a...
    ^
/Users/appacademy/Desktop/W6D5/ninety9_cats/app/views/cats/index.html.erb:17: syntax error, unexpected end-of-input, expecting keyword_end
          end
             ^:
  app/views/cats/index.html.erb:9:in `'
  app/controllers/cats_controller.rb:4:in `index'

Started POST "/__better_errors/ee66a244469db71d/variables" for ::1 at 2019-11-22 16:59:07 -0800
Started GET "/cats" for ::1 at 2019-11-22 16:59:22 -0800
Processing by CatsController#index as HTML
  Rendering cats/index.html.erb within layouts/application
  [1m[36mCat Load (0.7ms)[0m  [1m[34mSELECT "cats".* FROM "cats"[0m
  ↳ app/views/cats/index.html.erb:7
  Rendered cats/index.html.erb within layouts/application (29.6ms)
Completed 200 OK in 72ms (Views: 61.8ms | ActiveRecord: 9.6ms)


Started GET "/cats" for ::1 at 2019-11-22 16:59:46 -0800
Processing by CatsController#index as HTML
  Rendering cats/index.html.erb within layouts/application
  [1m[36mCat Load (0.7ms)[0m  [1m[34mSELECT "cats".* FROM "cats"[0m
  ↳ app/views/cats/index.html.erb:7
  Rendered cats/index.html.erb within layouts/application (3.4ms)
Completed 200 OK in 29ms (Views: 28.1ms | ActiveRecord: 0.7ms)


Started GET "/cats" for ::1 at 2019-11-22 16:59:48 -0800
Processing by CatsController#index as HTML
  Rendering cats/index.html.erb within layouts/application
  [1m[36mCat Load (0.5ms)[0m  [1m[34mSELECT "cats".* FROM "cats"[0m
  ↳ app/views/cats/index.html.erb:7
  Rendered cats/index.html.erb within layouts/application (2.3ms)
Completed 200 OK in 32ms (Views: 31.0ms | ActiveRecord: 0.5ms)


Started GET "/cats" for ::1 at 2019-11-22 16:59:50 -0800
Processing by CatsController#index as HTML
  Rendering cats/index.html.erb within layouts/application
  [1m[36mCat Load (0.6ms)[0m  [1m[34mSELECT "cats".* FROM "cats"[0m
  ↳ app/views/cats/index.html.erb:7
  Rendered cats/index.html.erb within layouts/application (3.0ms)
Completed 200 OK in 34ms (Views: 33.4ms | ActiveRecord: 0.6ms)


Started GET "/cats" for ::1 at 2019-11-22 16:59:50 -0800
Processing by CatsController#index as HTML
  Rendering cats/index.html.erb within layouts/application
  [1m[36mCat Load (0.9ms)[0m  [1m[34mSELECT "cats".* FROM "cats"[0m
  ↳ app/views/cats/index.html.erb:7
  Rendered cats/index.html.erb within layouts/application (2.9ms)
Completed 200 OK in 45ms (Views: 43.8ms | ActiveRecord: 0.9ms)


Started GET "/cats" for ::1 at 2019-11-22 16:59:51 -0800
Processing by CatsController#index as HTML
  Rendering cats/index.html.erb within layouts/application
  [1m[36mCat Load (0.8ms)[0m  [1m[34mSELECT "cats".* FROM "cats"[0m
  ↳ app/views/cats/index.html.erb:7
  Rendered cats/index.html.erb within layouts/application (3.0ms)
Completed 200 OK in 33ms (Views: 31.7ms | ActiveRecord: 0.8ms)


Started GET "/cats" for ::1 at 2019-11-22 16:59:51 -0800
Processing by CatsController#index as HTML
  Rendering cats/index.html.erb within layouts/application
  [1m[36mCat Load (0.5ms)[0m  [1m[34mSELECT "cats".* FROM "cats"[0m
  ↳ app/views/cats/index.html.erb:7
  Rendered cats/index.html.erb within layouts/application (2.3ms)
Completed 200 OK in 31ms (Views: 30.4ms | ActiveRecord: 0.5ms)


Started GET "/cats" for ::1 at 2019-11-22 17:00:17 -0800
Processing by CatsController#index as HTML
  Rendering cats/index.html.erb within layouts/application
  [1m[36mCat Load (1.9ms)[0m  [1m[34mSELECT "cats".* FROM "cats"[0m
  ↳ app/views/cats/index.html.erb:7
  Rendered cats/index.html.erb within layouts/application (34.1ms)
Completed 200 OK in 92ms (Views: 74.3ms | ActiveRecord: 13.4ms)


Started GET "/cats" for ::1 at 2019-11-22 17:00:19 -0800
Processing by CatsController#index as HTML
  Rendering cats/index.html.erb within layouts/application
  [1m[36mCat Load (0.5ms)[0m  [1m[34mSELECT "cats".* FROM "cats"[0m
  ↳ app/views/cats/index.html.erb:7
  Rendered cats/index.html.erb within layouts/application (2.3ms)
Completed 200 OK in 32ms (Views: 30.9ms | ActiveRecord: 0.5ms)


Started GET "/cats" for ::1 at 2019-11-22 17:00:19 -0800
Processing by CatsController#index as HTML
  Rendering cats/index.html.erb within layouts/application
  [1m[36mCat Load (0.5ms)[0m  [1m[34mSELECT "cats".* FROM "cats"[0m
  ↳ app/views/cats/index.html.erb:7
  Rendered cats/index.html.erb within layouts/application (2.1ms)
Completed 200 OK in 30ms (Views: 29.5ms | ActiveRecord: 0.5ms)


Started GET "/cats" for ::1 at 2019-11-22 17:00:20 -0800
Processing by CatsController#index as HTML
  Rendering cats/index.html.erb within layouts/application
  [1m[36mCat Load (0.5ms)[0m  [1m[34mSELECT "cats".* FROM "cats"[0m
  ↳ app/views/cats/index.html.erb:7
  Rendered cats/index.html.erb within layouts/application (2.3ms)
Completed 200 OK in 30ms (Views: 29.0ms | ActiveRecord: 0.5ms)


Started GET "/cats" for ::1 at 2019-11-22 17:00:20 -0800
Processing by CatsController#index as HTML
  Rendering cats/index.html.erb within layouts/application
  [1m[36mCat Load (0.5ms)[0m  [1m[34mSELECT "cats".* FROM "cats"[0m
  ↳ app/views/cats/index.html.erb:7
  Rendered cats/index.html.erb within layouts/application (2.2ms)
Completed 200 OK in 29ms (Views: 28.4ms | ActiveRecord: 0.5ms)


Started GET "/cats" for ::1 at 2019-11-22 17:01:02 -0800
Processing by CatsController#index as HTML
  Rendering cats/index.html.erb within layouts/application
  [1m[36mCat Load (0.7ms)[0m  [1m[34mSELECT "cats".* FROM "cats"[0m
  ↳ app/views/cats/index.html.erb:7
  Rendered cats/index.html.erb within layouts/application (3.8ms)
Completed 200 OK in 46ms (Views: 44.6ms | ActiveRecord: 0.7ms)


Started GET "/cats" for ::1 at 2019-11-22 17:01:03 -0800
Processing by CatsController#index as HTML
  Rendering cats/index.html.erb within layouts/application
  [1m[36mCat Load (0.5ms)[0m  [1m[34mSELECT "cats".* FROM "cats"[0m
  ↳ app/views/cats/index.html.erb:7
  Rendered cats/index.html.erb within layouts/application (2.2ms)
Completed 200 OK in 30ms (Views: 28.9ms | ActiveRecord: 0.5ms)


Started GET "/cats" for ::1 at 2019-11-22 17:01:03 -0800
Processing by CatsController#index as HTML
  Rendering cats/index.html.erb within layouts/application
  [1m[36mCat Load (0.5ms)[0m  [1m[34mSELECT "cats".* FROM "cats"[0m
  ↳ app/views/cats/index.html.erb:7
  Rendered cats/index.html.erb within layouts/application (2.1ms)
Completed 200 OK in 29ms (Views: 28.1ms | ActiveRecord: 0.5ms)


Started GET "/cats" for ::1 at 2019-11-22 17:01:03 -0800
Processing by CatsController#index as HTML
  Rendering cats/index.html.erb within layouts/application
  [1m[36mCat Load (0.4ms)[0m  [1m[34mSELECT "cats".* FROM "cats"[0m
  ↳ app/views/cats/index.html.erb:7
  Rendered cats/index.html.erb within layouts/application (2.2ms)
Completed 200 OK in 29ms (Views: 28.2ms | ActiveRecord: 0.4ms)


Started GET "/cats" for ::1 at 2019-11-22 17:01:04 -0800
Processing by CatsController#index as HTML
  Rendering cats/index.html.erb within layouts/application
  [1m[36mCat Load (0.5ms)[0m  [1m[34mSELECT "cats".* FROM "cats"[0m
  ↳ app/views/cats/index.html.erb:7
  Rendered cats/index.html.erb within layouts/application (2.2ms)
Completed 200 OK in 32ms (Views: 30.8ms | ActiveRecord: 0.5ms)


Started GET "/cats" for ::1 at 2019-11-22 17:01:04 -0800
Processing by CatsController#index as HTML
  Rendering cats/index.html.erb within layouts/application
  [1m[36mCat Load (0.7ms)[0m  [1m[34mSELECT "cats".* FROM "cats"[0m
  ↳ app/views/cats/index.html.erb:7
  Rendered cats/index.html.erb within layouts/application (2.5ms)
Completed 200 OK in 31ms (Views: 30.2ms | ActiveRecord: 0.7ms)


Started GET "/cats" for ::1 at 2019-11-22 17:01:04 -0800
Processing by CatsController#index as HTML
  Rendering cats/index.html.erb within layouts/application
  [1m[36mCat Load (0.5ms)[0m  [1m[34mSELECT "cats".* FROM "cats"[0m
  ↳ app/views/cats/index.html.erb:7
  Rendered cats/index.html.erb within layouts/application (2.3ms)
Completed 200 OK in 30ms (Views: 29.5ms | ActiveRecord: 0.5ms)


Started GET "/cats" for ::1 at 2019-11-22 17:01:04 -0800
Processing by CatsController#index as HTML
  Rendering cats/index.html.erb within layouts/application
  [1m[36mCat Load (0.8ms)[0m  [1m[34mSELECT "cats".* FROM "cats"[0m
  ↳ app/views/cats/index.html.erb:7
  Rendered cats/index.html.erb within layouts/application (3.8ms)
Completed 200 OK in 30ms (Views: 28.7ms | ActiveRecord: 0.8ms)


Started GET "/cats" for ::1 at 2019-11-22 17:01:04 -0800
Processing by CatsController#index as HTML
  Rendering cats/index.html.erb within layouts/application
  [1m[36mCat Load (0.5ms)[0m  [1m[34mSELECT "cats".* FROM "cats"[0m
  ↳ app/views/cats/index.html.erb:7
  Rendered cats/index.html.erb within layouts/application (2.3ms)
Completed 200 OK in 29ms (Views: 27.9ms | ActiveRecord: 0.5ms)


Started GET "/cats" for ::1 at 2019-11-22 17:01:08 -0800
Processing by CatsController#index as HTML
  Rendering cats/index.html.erb within layouts/application
  [1m[36mCat Load (1.3ms)[0m  [1m[34mSELECT "cats".* FROM "cats"[0m
  ↳ app/views/cats/index.html.erb:7
  Rendered cats/index.html.erb within layouts/application (3.8ms)
Completed 200 OK in 49ms (Views: 47.3ms | ActiveRecord: 1.3ms)


Started GET "/cats" for ::1 at 2019-11-22 17:01:08 -0800
Processing by CatsController#index as HTML
  Rendering cats/index.html.erb within layouts/application
  [1m[36mCat Load (1.0ms)[0m  [1m[34mSELECT "cats".* FROM "cats"[0m
  ↳ app/views/cats/index.html.erb:7
  Rendered cats/index.html.erb within layouts/application (4.6ms)
Completed 200 OK in 42ms (Views: 40.4ms | ActiveRecord: 1.0ms)


Started GET "/cats" for ::1 at 2019-11-22 17:01:08 -0800
Processing by CatsController#index as HTML
  Rendering cats/index.html.erb within layouts/application
  [1m[36mCat Load (0.6ms)[0m  [1m[34mSELECT "cats".* FROM "cats"[0m
  ↳ app/views/cats/index.html.erb:7
  Rendered cats/index.html.erb within layouts/application (3.3ms)
Completed 200 OK in 40ms (Views: 39.5ms | ActiveRecord: 0.6ms)


Started GET "/cats" for ::1 at 2019-11-22 17:01:08 -0800
Processing by CatsController#index as HTML
  Rendering cats/index.html.erb within layouts/application
  [1m[36mCat Load (0.6ms)[0m  [1m[34mSELECT "cats".* FROM "cats"[0m
  ↳ app/views/cats/index.html.erb:7
  Rendered cats/index.html.erb within layouts/application (3.2ms)
Completed 200 OK in 39ms (Views: 37.9ms | ActiveRecord: 0.6ms)


Started GET "/cats" for ::1 at 2019-11-22 17:01:08 -0800
Processing by CatsController#index as HTML
  Rendering cats/index.html.erb within layouts/application
  [1m[36mCat Load (0.5ms)[0m  [1m[34mSELECT "cats".* FROM "cats"[0m
  ↳ app/views/cats/index.html.erb:7
  Rendered cats/index.html.erb within layouts/application (2.3ms)
Completed 200 OK in 36ms (Views: 35.2ms | ActiveRecord: 0.5ms)


Started GET "/cats" for ::1 at 2019-11-22 17:01:09 -0800
Processing by CatsController#index as HTML
  Rendering cats/index.html.erb within layouts/application
  [1m[36mCat Load (0.7ms)[0m  [1m[34mSELECT "cats".* FROM "cats"[0m
  ↳ app/views/cats/index.html.erb:7
  Rendered cats/index.html.erb within layouts/application (2.6ms)
Completed 200 OK in 33ms (Views: 31.7ms | ActiveRecord: 0.7ms)


Started GET "/cats" for ::1 at 2019-11-22 17:01:09 -0800
Processing by CatsController#index as HTML
  Rendering cats/index.html.erb within layouts/application
  [1m[36mCat Load (0.6ms)[0m  [1m[34mSELECT "cats".* FROM "cats"[0m
  ↳ app/views/cats/index.html.erb:7
  Rendered cats/index.html.erb within layouts/application (2.6ms)
Completed 200 OK in 33ms (Views: 31.6ms | ActiveRecord: 0.6ms)


Started GET "/cats" for ::1 at 2019-11-22 17:01:09 -0800
Processing by CatsController#index as HTML
  Rendering cats/index.html.erb within layouts/application
  [1m[36mCat Load (0.8ms)[0m  [1m[34mSELECT "cats".* FROM "cats"[0m
  ↳ app/views/cats/index.html.erb:7
  Rendered cats/index.html.erb within layouts/application (3.0ms)
Completed 200 OK in 31ms (Views: 30.1ms | ActiveRecord: 0.8ms)


Started GET "/cats" for ::1 at 2019-11-22 17:01:09 -0800
Processing by CatsController#index as HTML
  Rendering cats/index.html.erb within layouts/application
  [1m[36mCat Load (0.5ms)[0m  [1m[34mSELECT "cats".* FROM "cats"[0m
  ↳ app/views/cats/index.html.erb:7
  Rendered cats/index.html.erb within layouts/application (2.5ms)
Completed 200 OK in 28ms (Views: 27.7ms | ActiveRecord: 0.5ms)


Started GET "/cats" for ::1 at 2019-11-22 17:01:31 -0800
Processing by CatsController#index as HTML
  Rendering cats/index.html.erb within layouts/application
  [1m[36mCat Load (0.6ms)[0m  [1m[34mSELECT "cats".* FROM "cats"[0m
  ↳ app/views/cats/index.html.erb:7
  Rendered cats/index.html.erb within layouts/application (3.5ms)
Completed 200 OK in 39ms (Views: 38.1ms | ActiveRecord: 0.6ms)


Started GET "/cats" for ::1 at 2019-11-22 17:01:32 -0800
Processing by CatsController#index as HTML
  Rendering cats/index.html.erb within layouts/application
  [1m[36mCat Load (0.6ms)[0m  [1m[34mSELECT "cats".* FROM "cats"[0m
  ↳ app/views/cats/index.html.erb:7
  Rendered cats/index.html.erb within layouts/application (3.1ms)
Completed 200 OK in 23ms (Views: 22.3ms | ActiveRecord: 0.6ms)


Started GET "/cats" for ::1 at 2019-11-22 17:01:33 -0800
Processing by CatsController#index as HTML
  Rendering cats/index.html.erb within layouts/application
  [1m[36mCat Load (0.7ms)[0m  [1m[34mSELECT "cats".* FROM "cats"[0m
  ↳ app/views/cats/index.html.erb:7
  Rendered cats/index.html.erb within layouts/application (2.9ms)
Completed 200 OK in 23ms (Views: 21.7ms | ActiveRecord: 0.7ms)


Started GET "/cats" for ::1 at 2019-11-22 17:01:33 -0800
Processing by CatsController#index as HTML
  Rendering cats/index.html.erb within layouts/application
  [1m[36mCat Load (0.5ms)[0m  [1m[34mSELECT "cats".* FROM "cats"[0m
  ↳ app/views/cats/index.html.erb:7
  Rendered cats/index.html.erb within layouts/application (2.9ms)
Completed 200 OK in 23ms (Views: 22.4ms | ActiveRecord: 0.5ms)


Started GET "/cats" for ::1 at 2019-11-22 17:01:34 -0800
Processing by CatsController#index as HTML
  Rendering cats/index.html.erb within layouts/application
  [1m[36mCat Load (0.7ms)[0m  [1m[34mSELECT "cats".* FROM "cats"[0m
  ↳ app/views/cats/index.html.erb:7
  Rendered cats/index.html.erb within layouts/application (3.8ms)
Completed 200 OK in 25ms (Views: 23.5ms | ActiveRecord: 0.7ms)


Started GET "/cats" for ::1 at 2019-11-22 17:01:34 -0800
Processing by CatsController#index as HTML
  Rendering cats/index.html.erb within layouts/application
  [1m[36mCat Load (1.0ms)[0m  [1m[34mSELECT "cats".* FROM "cats"[0m
  ↳ app/views/cats/index.html.erb:7
  Rendered cats/index.html.erb within layouts/application (3.7ms)
Completed 200 OK in 25ms (Views: 23.6ms | ActiveRecord: 1.0ms)


Started GET "/cats" for ::1 at 2019-11-22 17:01:35 -0800
Processing by CatsController#index as HTML
  Rendering cats/index.html.erb within layouts/application
  [1m[36mCat Load (0.5ms)[0m  [1m[34mSELECT "cats".* FROM "cats"[0m
  ↳ app/views/cats/index.html.erb:7
  Rendered cats/index.html.erb within layouts/application (2.8ms)
Completed 200 OK in 23ms (Views: 22.5ms | ActiveRecord: 0.5ms)


Started GET "/cats" for ::1 at 2019-11-22 17:01:36 -0800
Processing by CatsController#index as HTML
  Rendering cats/index.html.erb within layouts/application
  [1m[36mCat Load (0.5ms)[0m  [1m[34mSELECT "cats".* FROM "cats"[0m
  ↳ app/views/cats/index.html.erb:7
  Rendered cats/index.html.erb within layouts/application (3.5ms)
Completed 200 OK in 27ms (Views: 25.9ms | ActiveRecord: 0.5ms)


Started GET "/cats" for ::1 at 2019-11-22 17:01:37 -0800
Processing by CatsController#index as HTML
  Rendering cats/index.html.erb within layouts/application
  [1m[36mCat Load (0.5ms)[0m  [1m[34mSELECT "cats".* FROM "cats"[0m
  ↳ app/views/cats/index.html.erb:7
  Rendered cats/index.html.erb within layouts/application (2.6ms)
Completed 200 OK in 23ms (Views: 22.3ms | ActiveRecord: 0.5ms)


Started GET "/cats" for ::1 at 2019-11-22 17:01:38 -0800
Processing by CatsController#index as HTML
  Rendering cats/index.html.erb within layouts/application
  [1m[36mCat Load (0.5ms)[0m  [1m[34mSELECT "cats".* FROM "cats"[0m
  ↳ app/views/cats/index.html.erb:7
  Rendered cats/index.html.erb within layouts/application (3.1ms)
Completed 200 OK in 34ms (Views: 32.9ms | ActiveRecord: 0.5ms)


Started GET "/cats" for ::1 at 2019-11-22 17:01:38 -0800
Processing by CatsController#index as HTML
  Rendering cats/index.html.erb within layouts/application
  [1m[36mCat Load (0.6ms)[0m  [1m[34mSELECT "cats".* FROM "cats"[0m
  ↳ app/views/cats/index.html.erb:7
  Rendered cats/index.html.erb within layouts/application (2.8ms)
Completed 200 OK in 22ms (Views: 21.1ms | ActiveRecord: 0.6ms)


Started GET "/cats" for ::1 at 2019-11-22 17:01:38 -0800
Processing by CatsController#index as HTML
  Rendering cats/index.html.erb within layouts/application
  [1m[36mCat Load (0.5ms)[0m  [1m[34mSELECT "cats".* FROM "cats"[0m
  ↳ app/views/cats/index.html.erb:7
  Rendered cats/index.html.erb within layouts/application (2.9ms)
Completed 200 OK in 24ms (Views: 23.5ms | ActiveRecord: 0.5ms)


Started GET "/cats" for ::1 at 2019-11-22 17:01:39 -0800
Processing by CatsController#index as HTML
  Rendering cats/index.html.erb within layouts/application
  [1m[36mCat Load (0.5ms)[0m  [1m[34mSELECT "cats".* FROM "cats"[0m
  ↳ app/views/cats/index.html.erb:7
  Rendered cats/index.html.erb within layouts/application (2.9ms)
Completed 200 OK in 25ms (Views: 24.6ms | ActiveRecord: 0.5ms)


Started GET "/cats" for ::1 at 2019-11-22 17:01:39 -0800
Processing by CatsController#index as HTML
  Rendering cats/index.html.erb within layouts/application
  [1m[36mCat Load (0.5ms)[0m  [1m[34mSELECT "cats".* FROM "cats"[0m
  ↳ app/views/cats/index.html.erb:7
  Rendered cats/index.html.erb within layouts/application (2.7ms)
Completed 200 OK in 26ms (Views: 25.3ms | ActiveRecord: 0.5ms)


Started GET "/cats" for ::1 at 2019-11-22 17:01:39 -0800
Processing by CatsController#index as HTML
  Rendering cats/index.html.erb within layouts/application
  [1m[36mCat Load (0.5ms)[0m  [1m[34mSELECT "cats".* FROM "cats"[0m
  ↳ app/views/cats/index.html.erb:7
  Rendered cats/index.html.erb within layouts/application (3.0ms)
Completed 200 OK in 25ms (Views: 23.6ms | ActiveRecord: 0.5ms)


Started GET "/cats" for ::1 at 2019-11-22 17:02:11 -0800
Processing by CatsController#index as HTML
  Rendering cats/index.html.erb within layouts/application
  [1m[36mCat Load (0.6ms)[0m  [1m[34mSELECT "cats".* FROM "cats"[0m
  ↳ app/views/cats/index.html.erb:7
  Rendered cats/index.html.erb within layouts/application (3.5ms)
Completed 200 OK in 32ms (Views: 31.5ms | ActiveRecord: 0.6ms)


Started GET "/cats" for ::1 at 2019-11-22 17:02:12 -0800
Processing by CatsController#index as HTML
  Rendering cats/index.html.erb within layouts/application
  [1m[36mCat Load (0.6ms)[0m  [1m[34mSELECT "cats".* FROM "cats"[0m
  ↳ app/views/cats/index.html.erb:7
  Rendered cats/index.html.erb within layouts/application (4.0ms)
Completed 200 OK in 28ms (Views: 27.0ms | ActiveRecord: 0.6ms)


Started GET "/cats" for ::1 at 2019-11-22 17:02:12 -0800
Processing by CatsController#index as HTML
  Rendering cats/index.html.erb within layouts/application
  [1m[36mCat Load (0.6ms)[0m  [1m[34mSELECT "cats".* FROM "cats"[0m
  ↳ app/views/cats/index.html.erb:7
  Rendered cats/index.html.erb within layouts/application (3.4ms)
Completed 200 OK in 28ms (Views: 27.2ms | ActiveRecord: 0.6ms)


Started GET "/cats" for ::1 at 2019-11-22 17:02:12 -0800
Processing by CatsController#index as HTML
  Rendering cats/index.html.erb within layouts/application
  [1m[36mCat Load (0.5ms)[0m  [1m[34mSELECT "cats".* FROM "cats"[0m
  ↳ app/views/cats/index.html.erb:7
  Rendered cats/index.html.erb within layouts/application (2.7ms)
Completed 200 OK in 30ms (Views: 29.3ms | ActiveRecord: 0.5ms)


Started GET "/cats" for ::1 at 2019-11-22 17:02:13 -0800
Processing by CatsController#index as HTML
  Rendering cats/index.html.erb within layouts/application
  [1m[36mCat Load (0.5ms)[0m  [1m[34mSELECT "cats".* FROM "cats"[0m
  ↳ app/views/cats/index.html.erb:7
  Rendered cats/index.html.erb within layouts/application (2.7ms)
Completed 200 OK in 23ms (Views: 22.5ms | ActiveRecord: 0.5ms)


Started GET "/cats" for ::1 at 2019-11-22 17:02:13 -0800
Processing by CatsController#index as HTML
  Rendering cats/index.html.erb within layouts/application
  [1m[36mCat Load (0.6ms)[0m  [1m[34mSELECT "cats".* FROM "cats"[0m
  ↳ app/views/cats/index.html.erb:7
  Rendered cats/index.html.erb within layouts/application (2.9ms)
Completed 200 OK in 27ms (Views: 25.8ms | ActiveRecord: 0.6ms)


Started GET "/cats" for ::1 at 2019-11-22 17:02:13 -0800
Processing by CatsController#index as HTML
  Rendering cats/index.html.erb within layouts/application
  [1m[36mCat Load (0.5ms)[0m  [1m[34mSELECT "cats".* FROM "cats"[0m
  ↳ app/views/cats/index.html.erb:7
  Rendered cats/index.html.erb within layouts/application (2.3ms)
Completed 200 OK in 24ms (Views: 23.1ms | ActiveRecord: 0.5ms)


Started GET "/cats" for ::1 at 2019-11-22 17:02:13 -0800
Processing by CatsController#index as HTML
  Rendering cats/index.html.erb within layouts/application
  [1m[36mCat Load (0.5ms)[0m  [1m[34mSELECT "cats".* FROM "cats"[0m
  ↳ app/views/cats/index.html.erb:7
  Rendered cats/index.html.erb within layouts/application (3.3ms)
Completed 200 OK in 27ms (Views: 26.5ms | ActiveRecord: 0.5ms)


Started GET "/cats" for ::1 at 2019-11-22 17:02:14 -0800
Processing by CatsController#index as HTML
  Rendering cats/index.html.erb within layouts/application
  [1m[36mCat Load (0.5ms)[0m  [1m[34mSELECT "cats".* FROM "cats"[0m
  ↳ app/views/cats/index.html.erb:7
  Rendered cats/index.html.erb within layouts/application (2.6ms)
Completed 200 OK in 25ms (Views: 24.2ms | ActiveRecord: 0.5ms)


Started GET "/cats" for ::1 at 2019-11-22 17:02:14 -0800
Processing by CatsController#index as HTML
  Rendering cats/index.html.erb within layouts/application
  [1m[36mCat Load (0.5ms)[0m  [1m[34mSELECT "cats".* FROM "cats"[0m
  ↳ app/views/cats/index.html.erb:7
  Rendered cats/index.html.erb within layouts/application (2.6ms)
Completed 200 OK in 26ms (Views: 25.2ms | ActiveRecord: 0.5ms)


Started GET "/cat/1" for ::1 at 2019-11-22 17:02:38 -0800
  
ActionController::RoutingError (No route matches [GET] "/cat/1"):
  
actionpack (5.2.3) lib/action_dispatch/middleware/debug_exceptions.rb:65:in `call'
web-console (3.7.0) lib/web_console/middleware.rb:135:in `call_app'
web-console (3.7.0) lib/web_console/middleware.rb:30:in `block in call'
web-console (3.7.0) lib/web_console/middleware.rb:20:in `catch'
web-console (3.7.0) lib/web_console/middleware.rb:20:in `call'
actionpack (5.2.3) lib/action_dispatch/middleware/show_exceptions.rb:33:in `call'
railties (5.2.3) lib/rails/rack/logger.rb:38:in `call_app'
railties (5.2.3) lib/rails/rack/logger.rb:26:in `block in call'
activesupport (5.2.3) lib/active_support/tagged_logging.rb:71:in `block in tagged'
activesupport (5.2.3) lib/active_support/tagged_logging.rb:28:in `tagged'
activesupport (5.2.3) lib/active_support/tagged_logging.rb:71:in `tagged'
railties (5.2.3) lib/rails/rack/logger.rb:26:in `call'
sprockets-rails (3.2.1) lib/sprockets/rails/quiet_assets.rb:13:in `call'
actionpack (5.2.3) lib/action_dispatch/middleware/remote_ip.rb:81:in `call'
actionpack (5.2.3) lib/action_dispatch/middleware/request_id.rb:27:in `call'
rack (2.0.7) lib/rack/method_override.rb:22:in `call'
rack (2.0.7) lib/rack/runtime.rb:22:in `call'
activesupport (5.2.3) lib/active_support/cache/strategy/local_cache_middleware.rb:29:in `call'
actionpack (5.2.3) lib/action_dispatch/middleware/executor.rb:14:in `call'
actionpack (5.2.3) lib/action_dispatch/middleware/static.rb:127:in `call'
rack (2.0.7) lib/rack/sendfile.rb:111:in `call'
railties (5.2.3) lib/rails/engine.rb:524:in `call'
puma (3.12.1) lib/puma/configuration.rb:227:in `call'
puma (3.12.1) lib/puma/server.rb:660:in `handle_request'
puma (3.12.1) lib/puma/server.rb:474:in `process_client'
puma (3.12.1) lib/puma/server.rb:334:in `block in run'
puma (3.12.1) lib/puma/thread_pool.rb:135:in `block in spawn_thread'
Started GET "/cats/1" for ::1 at 2019-11-22 17:02:47 -0800
Processing by CatsController#show as HTML
  Parameters: {"id"=>"1"}
  [1m[36mCat Load (0.7ms)[0m  [1m[34mSELECT  "cats".* FROM "cats" WHERE "cats"."id" = $1 LIMIT $2[0m  [["id", 1], ["LIMIT", 1]]
  ↳ app/controllers/cats_controller.rb:18
  Rendering cats/show.html.erb within layouts/application
  Rendered cats/show.html.erb within layouts/application (1.0ms)
Completed 200 OK in 33ms (Views: 30.0ms | ActiveRecord: 0.7ms)


Started GET "/cats" for ::1 at 2019-11-22 17:03:04 -0800
Processing by CatsController#index as HTML
  Rendering cats/index.html.erb within layouts/application
  [1m[36mCat Load (0.7ms)[0m  [1m[34mSELECT "cats".* FROM "cats"[0m
  ↳ app/views/cats/index.html.erb:7
  [1m[36mCat Load (0.3ms)[0m  [1m[34mSELECT  "cats".* FROM "cats" LIMIT $1[0m  [["LIMIT", 11]]
  ↳ app/controllers/cats_controller.rb:4
  [1m[36mCACHE Cat Load (0.0ms)[0m  [1m[34mSELECT  "cats".* FROM "cats" LIMIT $1[0m  [["LIMIT", 11]]
  ↳ app/controllers/cats_controller.rb:4
  [1m[36mCACHE Cat Load (0.0ms)[0m  [1m[34mSELECT  "cats".* FROM "cats" LIMIT $1[0m  [["LIMIT", 11]]
  ↳ app/controllers/cats_controller.rb:4
  [1m[36mCACHE Cat Load (0.0ms)[0m  [1m[34mSELECT  "cats".* FROM "cats" LIMIT $1[0m  [["LIMIT", 11]]
  ↳ app/controllers/cats_controller.rb:4
  [1m[36mCACHE Cat Load (0.0ms)[0m  [1m[34mSELECT  "cats".* FROM "cats" LIMIT $1[0m  [["LIMIT", 11]]
  ↳ app/controllers/cats_controller.rb:4
  [1m[36mCACHE Cat Load (0.0ms)[0m  [1m[34mSELECT  "cats".* FROM "cats" LIMIT $1[0m  [["LIMIT", 11]]
  ↳ app/controllers/cats_controller.rb:4
  Rendered cats/index.html.erb within layouts/application (225.8ms)
Completed 500 Internal Server Error in 232ms (ActiveRecord: 1.1ms)


  [1m[36mCACHE Cat Load (0.0ms)[0m  [1m[34mSELECT  "cats".* FROM "cats" LIMIT $1[0m  [["LIMIT", 11]]
  ↳ /Users/appacademy/.rbenv/versions/2.5.1/lib/ruby/gems/2.5.0/gems/activerecord-5.2.3/lib/active_record/log_subscriber.rb:98
  [1m[36mCACHE Cat Load (0.0ms)[0m  [1m[34mSELECT  "cats".* FROM "cats" LIMIT $1[0m  [["LIMIT", 11]]
  ↳ /Users/appacademy/.rbenv/versions/2.5.1/lib/ruby/gems/2.5.0/gems/activerecord-5.2.3/lib/active_record/log_subscriber.rb:98
  [1m[36mCACHE Cat Load (0.0ms)[0m  [1m[34mSELECT  "cats".* FROM "cats" LIMIT $1[0m  [["LIMIT", 11]]
  ↳ /Users/appacademy/.rbenv/versions/2.5.1/lib/ruby/gems/2.5.0/gems/activerecord-5.2.3/lib/active_record/log_subscriber.rb:98
  [1m[36mCACHE Cat Load (0.0ms)[0m  [1m[34mSELECT  "cats".* FROM "cats" LIMIT $1[0m  [["LIMIT", 11]]
  ↳ /Users/appacademy/.rbenv/versions/2.5.1/lib/ruby/gems/2.5.0/gems/activerecord-5.2.3/lib/active_record/log_subscriber.rb:98
  [1m[36mCACHE Cat Load (0.0ms)[0m  [1m[34mSELECT  "cats".* FROM "cats" LIMIT $1[0m  [["LIMIT", 11]]
  ↳ /Users/appacademy/.rbenv/versions/2.5.1/lib/ruby/gems/2.5.0/gems/activerecord-5.2.3/lib/active_record/log_subscriber.rb:98
  [1m[36mCACHE Cat Load (0.0ms)[0m  [1m[34mSELECT  "cats".* FROM "cats" LIMIT $1[0m  [["LIMIT", 11]]
  ↳ /Users/appacademy/.rbenv/versions/2.5.1/lib/ruby/gems/2.5.0/gems/activerecord-5.2.3/lib/active_record/log_subscriber.rb:98

NoMethodError - undefined method `redirect_to' for #<#<Class:0x00007fe2e3a15bd0>:0x00007fe2e79f9cd8>:
  app/views/cats/index.html.erb:9:in `block in _app_views_cats_index_html_erb___688676365045273419_70306262663600'
  app/views/cats/index.html.erb:7:in `_app_views_cats_index_html_erb___688676365045273419_70306262663600'
  app/controllers/cats_controller.rb:4:in `index'

Started POST "/__better_errors/568832164a311cd2/variables" for ::1 at 2019-11-22 17:03:05 -0800
