  [1m[35m (253.2ms)[0m  [1m[35mCREATE DATABASE "music_app_development" ENCODING = 'unicode'[0m
  ↳ bin/rails:9
  [1m[35m (89.0ms)[0m  [1m[35mCREATE DATABASE "music_app_test" ENCODING = 'unicode'[0m
  ↳ bin/rails:9
  [1m[35m (25.5ms)[0m  [1m[35mCREATE TABLE "schema_migrations" ("version" character varying NOT NULL PRIMARY KEY)[0m
  ↳ bin/rails:9
  [1m[35m (42.2ms)[0m  [1m[35mCREATE TABLE "ar_internal_metadata" ("key" character varying NOT NULL PRIMARY KEY, "value" character varying, "created_at" timestamp NOT NULL, "updated_at" timestamp NOT NULL)[0m
  ↳ bin/rails:9
  [1m[35m (0.7ms)[0m  [1m[34mSELECT pg_try_advisory_lock(4505726345591715405)[0m
  ↳ bin/rails:9
  [1m[35m (1.1ms)[0m  [1m[34mSELECT "schema_migrations"."version" FROM "schema_migrations" ORDER BY "schema_migrations"."version" ASC[0m
  ↳ bin/rails:9
Migrating to CreateUsers (20191126214937)
  [1m[35m (0.2ms)[0m  [1m[35mBEGIN[0m
  ↳ bin/rails:9
  [1m[35m (41.8ms)[0m  [1m[35mCREATE TABLE "users" ("id" bigserial primary key, "email" character varying NOT NULL, "password_digest" character varying NOT NULL, "session_token" character varying NOT NULL, "created_at" timestamp NOT NULL, "updated_at" timestamp NOT NULL)[0m
  ↳ db/migrate/20191126214937_create_users.rb:3
  [1m[35m (1.4ms)[0m  [1m[35mCREATE  INDEX  "index_users_on_session_token" ON "users"  ("session_token")[0m
  ↳ db/migrate/20191126214937_create_users.rb:11
  [1m[36mActiveRecord::SchemaMigration Create (0.7ms)[0m  [1m[32mINSERT INTO "schema_migrations" ("version") VALUES ($1) RETURNING "version"[0m  [["version", "20191126214937"]]
  ↳ bin/rails:9
  [1m[35m (0.6ms)[0m  [1m[35mCOMMIT[0m
  ↳ bin/rails:9
  [1m[36mActiveRecord::InternalMetadata Load (1.2ms)[0m  [1m[34mSELECT  "ar_internal_metadata".* FROM "ar_internal_metadata" WHERE "ar_internal_metadata"."key" = $1 LIMIT $2[0m  [["key", "environment"], ["LIMIT", 1]]
  ↳ bin/rails:9
  [1m[35m (0.2ms)[0m  [1m[35mBEGIN[0m
  ↳ bin/rails:9
  [1m[36mActiveRecord::InternalMetadata Create (0.9ms)[0m  [1m[32mINSERT INTO "ar_internal_metadata" ("key", "value", "created_at", "updated_at") VALUES ($1, $2, $3, $4) RETURNING "key"[0m  [["key", "environment"], ["value", "development"], ["created_at", "2019-11-26 21:54:13.875977"], ["updated_at", "2019-11-26 21:54:13.875977"]]
  ↳ bin/rails:9
  [1m[35m (40.8ms)[0m  [1m[35mCOMMIT[0m
  ↳ bin/rails:9
  [1m[35m (0.5ms)[0m  [1m[34mSELECT pg_advisory_unlock(4505726345591715405)[0m
  ↳ bin/rails:9
  [1m[35m (0.5ms)[0m  [1m[34mSELECT "schema_migrations"."version" FROM "schema_migrations" ORDER BY "schema_migrations"."version" ASC[0m
  ↳ bin/rails:9
Started GET "/cats" for ::1 at 2019-11-26 15:20:41 -0800
  [1m[35m (61.0ms)[0m  [1m[34mSELECT "schema_migrations"."version" FROM "schema_migrations" ORDER BY "schema_migrations"."version" ASC[0m
  ↳ /Users/mymac/.rbenv/versions/2.5.1/lib/ruby/gems/2.5.0/gems/activerecord-5.2.3/lib/active_record/log_subscriber.rb:98
  
ActionController::RoutingError (No route matches [GET] "/cats"):
  
actionpack (5.2.3) lib/action_dispatch/middleware/debug_exceptions.rb:65:in `call'
web-console (3.7.0) lib/web_console/middleware.rb:135:in `call_app'
web-console (3.7.0) lib/web_console/middleware.rb:30:in `block in call'
web-console (3.7.0) lib/web_console/middleware.rb:20:in `catch'
web-console (3.7.0) lib/web_console/middleware.rb:20:in `call'
actionpack (5.2.3) lib/action_dispatch/middleware/show_exceptions.rb:33:in `call'
railties (5.2.3) lib/rails/rack/logger.rb:38:in `call_app'
railties (5.2.3) lib/rails/rack/logger.rb:26:in `block in call'
activesupport (5.2.3) lib/active_support/tagged_logging.rb:71:in `block in tagged'
activesupport (5.2.3) lib/active_support/tagged_logging.rb:28:in `tagged'
activesupport (5.2.3) lib/active_support/tagged_logging.rb:71:in `tagged'
railties (5.2.3) lib/rails/rack/logger.rb:26:in `call'
sprockets-rails (3.2.1) lib/sprockets/rails/quiet_assets.rb:13:in `call'
actionpack (5.2.3) lib/action_dispatch/middleware/remote_ip.rb:81:in `call'
actionpack (5.2.3) lib/action_dispatch/middleware/request_id.rb:27:in `call'
rack (2.0.7) lib/rack/method_override.rb:22:in `call'
rack (2.0.7) lib/rack/runtime.rb:22:in `call'
activesupport (5.2.3) lib/active_support/cache/strategy/local_cache_middleware.rb:29:in `call'
actionpack (5.2.3) lib/action_dispatch/middleware/executor.rb:14:in `call'
actionpack (5.2.3) lib/action_dispatch/middleware/static.rb:127:in `call'
rack (2.0.7) lib/rack/sendfile.rb:111:in `call'
railties (5.2.3) lib/rails/engine.rb:524:in `call'
puma (3.12.1) lib/puma/configuration.rb:227:in `call'
puma (3.12.1) lib/puma/server.rb:660:in `handle_request'
puma (3.12.1) lib/puma/server.rb:474:in `process_client'
puma (3.12.1) lib/puma/server.rb:334:in `block in run'
puma (3.12.1) lib/puma/thread_pool.rb:135:in `block in spawn_thread'
Started GET "/" for ::1 at 2019-11-26 15:20:44 -0800
Processing by Rails::WelcomeController#index as HTML
  Rendering /Users/mymac/.rbenv/versions/2.5.1/lib/ruby/gems/2.5.0/gems/railties-5.2.3/lib/rails/templates/rails/welcome/index.html.erb
  Rendered /Users/mymac/.rbenv/versions/2.5.1/lib/ruby/gems/2.5.0/gems/railties-5.2.3/lib/rails/templates/rails/welcome/index.html.erb (4.6ms)
Completed 200 OK in 14ms (Views: 8.6ms | ActiveRecord: 0.0ms)


Started GET "/new_session" for ::1 at 2019-11-26 15:21:02 -0800
  
ActionController::RoutingError (No route matches [GET] "/new_session"):
  
actionpack (5.2.3) lib/action_dispatch/middleware/debug_exceptions.rb:65:in `call'
web-console (3.7.0) lib/web_console/middleware.rb:135:in `call_app'
web-console (3.7.0) lib/web_console/middleware.rb:30:in `block in call'
web-console (3.7.0) lib/web_console/middleware.rb:20:in `catch'
web-console (3.7.0) lib/web_console/middleware.rb:20:in `call'
actionpack (5.2.3) lib/action_dispatch/middleware/show_exceptions.rb:33:in `call'
railties (5.2.3) lib/rails/rack/logger.rb:38:in `call_app'
railties (5.2.3) lib/rails/rack/logger.rb:26:in `block in call'
activesupport (5.2.3) lib/active_support/tagged_logging.rb:71:in `block in tagged'
activesupport (5.2.3) lib/active_support/tagged_logging.rb:28:in `tagged'
activesupport (5.2.3) lib/active_support/tagged_logging.rb:71:in `tagged'
railties (5.2.3) lib/rails/rack/logger.rb:26:in `call'
sprockets-rails (3.2.1) lib/sprockets/rails/quiet_assets.rb:13:in `call'
actionpack (5.2.3) lib/action_dispatch/middleware/remote_ip.rb:81:in `call'
actionpack (5.2.3) lib/action_dispatch/middleware/request_id.rb:27:in `call'
rack (2.0.7) lib/rack/method_override.rb:22:in `call'
rack (2.0.7) lib/rack/runtime.rb:22:in `call'
activesupport (5.2.3) lib/active_support/cache/strategy/local_cache_middleware.rb:29:in `call'
actionpack (5.2.3) lib/action_dispatch/middleware/executor.rb:14:in `call'
actionpack (5.2.3) lib/action_dispatch/middleware/static.rb:127:in `call'
rack (2.0.7) lib/rack/sendfile.rb:111:in `call'
railties (5.2.3) lib/rails/engine.rb:524:in `call'
puma (3.12.1) lib/puma/configuration.rb:227:in `call'
puma (3.12.1) lib/puma/server.rb:660:in `handle_request'
puma (3.12.1) lib/puma/server.rb:474:in `process_client'
puma (3.12.1) lib/puma/server.rb:334:in `block in run'
puma (3.12.1) lib/puma/thread_pool.rb:135:in `block in spawn_thread'
Started GET "/session/new" for ::1 at 2019-11-26 15:21:35 -0800

NoMethodError - undefined method `helper_methods' for ApplicationController:Class
Did you mean?  helper_method
               _helper_methods
               _helper_methods=
               _helper_methods?:
  app/controllers/application_controller.rb:2:in `<class:ApplicationController>'
  app/controllers/application_controller.rb:1:in `<top (required)>'
  app/controllers/sessions_controller.rb:1:in `<top (required)>'

Started POST "/__better_errors/9911d8dd9616ecdd/variables" for ::1 at 2019-11-26 15:21:35 -0800
Started GET "/session/new" for ::1 at 2019-11-26 15:22:36 -0800
Processing by SessionsController#new as HTML
  Rendering sessions/new.html.erb within layouts/application
  Rendered sessions/new.html.erb within layouts/application (428.0ms)
Completed 500 Internal Server Error in 437ms (ActiveRecord: 0.0ms)



NameError - undefined local variable or method `user' for #<#<Class:0x00007fe10994e9a8>:0x00007fe10994c338>:
  app/views/sessions/new.html.erb:1:in `_app_views_sessions_new_html_erb__2128871861770914155_70302226993820'
  app/controllers/sessions_controller.rb:3:in `new'

Started POST "/__better_errors/d42f2b514bed8168/variables" for ::1 at 2019-11-26 15:22:37 -0800
Started GET "/session/new" for ::1 at 2019-11-26 15:23:30 -0800
Processing by SessionsController#new as HTML
  Rendering sessions/new.html.erb within layouts/application
  Rendered sessions/new.html.erb within layouts/application (1.2ms)
Completed 200 OK in 1059ms (Views: 1058.4ms | ActiveRecord: 0.0ms)


Started GET "/session/new" for ::1 at 2019-11-26 15:24:55 -0800
Processing by SessionsController#new as HTML
  Rendering sessions/new.html.erb within layouts/application
  Rendered sessions/new.html.erb within layouts/application (3.6ms)
Completed 200 OK in 56ms (Views: 51.1ms | ActiveRecord: 0.0ms)


Started GET "/session/new" for ::1 at 2019-11-26 15:24:56 -0800
Processing by SessionsController#new as HTML
  Rendering sessions/new.html.erb within layouts/application
  Rendered sessions/new.html.erb within layouts/application (1.4ms)
Completed 200 OK in 38ms (Views: 36.8ms | ActiveRecord: 0.0ms)


Started GET "/session/new" for ::1 at 2019-11-26 15:24:56 -0800
Processing by SessionsController#new as HTML
  Rendering sessions/new.html.erb within layouts/application
  Rendered sessions/new.html.erb within layouts/application (0.6ms)
Completed 200 OK in 29ms (Views: 28.6ms | ActiveRecord: 0.0ms)


Started GET "/session/new" for ::1 at 2019-11-26 15:24:56 -0800
Processing by SessionsController#new as HTML
  Rendering sessions/new.html.erb within layouts/application
  Rendered sessions/new.html.erb within layouts/application (0.8ms)
Completed 200 OK in 24ms (Views: 23.0ms | ActiveRecord: 0.0ms)


Started GET "/session/new" for ::1 at 2019-11-26 15:24:56 -0800
Processing by SessionsController#new as HTML
  Rendering sessions/new.html.erb within layouts/application
  Rendered sessions/new.html.erb within layouts/application (0.7ms)
Completed 200 OK in 24ms (Views: 23.5ms | ActiveRecord: 0.0ms)


Started GET "/session/new" for ::1 at 2019-11-26 15:25:45 -0800
Processing by SessionsController#new as HTML
  Rendering sessions/new.html.erb within layouts/application
  Rendered sessions/new.html.erb within layouts/application (0.8ms)
Completed 200 OK in 32ms (Views: 31.5ms | ActiveRecord: 0.0ms)


Started GET "/session/new" for ::1 at 2019-11-26 15:25:46 -0800
Processing by SessionsController#new as HTML
  Rendering sessions/new.html.erb within layouts/application
  Rendered sessions/new.html.erb within layouts/application (0.6ms)
Completed 200 OK in 26ms (Views: 24.5ms | ActiveRecord: 0.0ms)


Started GET "/session/new" for ::1 at 2019-11-26 15:26:06 -0800
Processing by SessionsController#new as HTML
  Rendering sessions/new.html.erb within layouts/application
  Rendered sessions/new.html.erb within layouts/application (0.7ms)
Completed 200 OK in 81ms (Views: 79.8ms | ActiveRecord: 0.0ms)


Started GET "/session/new" for ::1 at 2019-11-26 15:26:31 -0800
Processing by SessionsController#new as HTML
  Rendering sessions/new.html.erb within layouts/application
  Rendered sessions/new.html.erb within layouts/application (0.9ms)
Completed 200 OK in 41ms (Views: 40.0ms | ActiveRecord: 0.0ms)


Started GET "/users/new" for ::1 at 2019-11-26 15:29:52 -0800
Processing by UsersController#new as HTML
  Rendering users/new.html.erb within layouts/application
  Rendered users/new.html.erb within layouts/application (2.0ms)
Completed 200 OK in 98ms (Views: 54.3ms | ActiveRecord: 21.1ms)


Started GET "/users/new" for ::1 at 2019-11-26 15:30:53 -0800
Processing by UsersController#new as HTML
  Rendering users/new.html.erb within layouts/application
  Rendered users/new.html.erb within layouts/application (0.8ms)
Completed 200 OK in 47ms (Views: 45.6ms | ActiveRecord: 0.0ms)


Started POST "/users" for ::1 at 2019-11-26 15:31:08 -0800
Processing by UsersController#create as HTML
  Parameters: {"user"=>{"email"=>"happy@happy.com", "password"=>"[FILTERED]"}}
Can't verify CSRF token authenticity.
Completed 422 Unprocessable Entity in 1ms (ActiveRecord: 0.0ms)



ActionController::InvalidAuthenticityToken - ActionController::InvalidAuthenticityToken:

Started POST "/__better_errors/126cca9308693965/variables" for ::1 at 2019-11-26 15:31:08 -0800
Started GET "/users/new" for ::1 at 2019-11-26 15:37:39 -0800
Processing by UsersController#new as HTML
  Rendering users/new.html.erb within layouts/application
  Rendered users/new.html.erb within layouts/application (2.1ms)
Completed 200 OK in 97ms (Views: 59.4ms | ActiveRecord: 16.4ms)


Started POST "/users" for ::1 at 2019-11-26 15:37:47 -0800
Processing by UsersController#create as HTML
  Parameters: {"user"=>{"email"=>"happy@happy.com", "password"=>"[FILTERED]"}}
Can't verify CSRF token authenticity.
Completed 422 Unprocessable Entity in 3ms (ActiveRecord: 0.0ms)



ActionController::InvalidAuthenticityToken - ActionController::InvalidAuthenticityToken:

Started POST "/__better_errors/97c9f4e99a17025c/variables" for ::1 at 2019-11-26 15:37:47 -0800
Started GET "/users/new" for ::1 at 2019-11-26 15:38:10 -0800
Processing by UsersController#new as HTML
  Rendering users/new.html.erb within layouts/application
  Rendered users/new.html.erb within layouts/application (0.8ms)
Completed 200 OK in 45ms (Views: 35.1ms | ActiveRecord: 0.0ms)


Started POST "/users" for ::1 at 2019-11-26 15:38:19 -0800
Processing by UsersController#create as HTML
  Parameters: {"authenticity_token"=>"qnw3wGF3J+Fi9a637tstYSsV1ZHGHWO4D/ILj/gGoxUWj4ohfvQvLwT910Ye98h9o2QvUvgwsmjC2QZrPluC3w==", "user"=>{"email"=>"happy@happy.com", "password"=>"[FILTERED]"}}
Completed 500 Internal Server Error in 18ms (ActiveRecord: 0.0ms)



NameError - uninitialized constant BCrypt::Passsword:
  app/models/user.rb:23:in `password='
  app/controllers/users_controller.rb:8:in `create'

Started POST "/__better_errors/0615bcef067ac520/variables" for ::1 at 2019-11-26 15:38:19 -0800
Started GET "/users/new" for ::1 at 2019-11-26 15:38:56 -0800
Processing by UsersController#new as HTML
  Rendering users/new.html.erb within layouts/application
  Rendered users/new.html.erb within layouts/application (0.9ms)
Completed 200 OK in 68ms (Views: 43.5ms | ActiveRecord: 12.7ms)


Started POST "/users" for ::1 at 2019-11-26 15:39:02 -0800
Processing by UsersController#create as HTML
  Parameters: {"authenticity_token"=>"LCsNy1QLqOdlPUh9IbX+e/UPZPLP/a9XQagvLZny7hiQ2LAqS4igKQM1MYzRmRtnfX6eMfHQfoeMgyLJX6/P0g==", "user"=>{"email"=>"happy@happy.com", "password"=>"[FILTERED]"}}
Completed 500 Internal Server Error in 7ms (ActiveRecord: 0.0ms)



NoMethodError - undefined method `Passsword' for BCrypt:Module:
  app/models/user.rb:23:in `password='
  app/controllers/users_controller.rb:8:in `create'

Started POST "/__better_errors/c92560a2d7bc194f/variables" for ::1 at 2019-11-26 15:39:02 -0800
Started GET "/users/new" for ::1 at 2019-11-26 15:39:24 -0800
Processing by UsersController#new as HTML
  Rendering users/new.html.erb within layouts/application
  Rendered users/new.html.erb within layouts/application (0.8ms)
Completed 200 OK in 49ms (Views: 29.5ms | ActiveRecord: 6.6ms)


Started POST "/users" for ::1 at 2019-11-26 15:39:30 -0800
Processing by UsersController#create as HTML
  Parameters: {"authenticity_token"=>"bNqEciAq4D9U47dcx1TOohmbCK4CrLXTJHfqxNcbocbQKTmTP6no8TLrzq03eCu+kerybTyBZAPpXOcgEUaADA==", "user"=>{"email"=>"happy@happy.com", "password"=>"[FILTERED]"}}
Completed 500 Internal Server Error in 10ms (ActiveRecord: 0.0ms)



NameError - uninitialized constant BCrypt::Passsword:
  app/models/user.rb:23:in `password='
  app/controllers/users_controller.rb:8:in `create'

Started POST "/__better_errors/9e1b35239fff8e87/variables" for ::1 at 2019-11-26 15:39:30 -0800
Started GET "/users/new" for ::1 at 2019-11-26 15:39:52 -0800
Processing by UsersController#new as HTML
  Rendering users/new.html.erb within layouts/application
  Rendered users/new.html.erb within layouts/application (1.0ms)
Completed 200 OK in 54ms (Views: 36.9ms | ActiveRecord: 7.0ms)


Started GET "/users/new" for ::1 at 2019-11-26 15:40:33 -0800
Processing by UsersController#new as HTML
  Rendering users/new.html.erb within layouts/application
  Rendered users/new.html.erb within layouts/application (1.7ms)
Completed 200 OK in 34ms (Views: 33.1ms | ActiveRecord: 0.0ms)


Started POST "/users" for ::1 at 2019-11-26 15:40:41 -0800
Processing by UsersController#create as HTML
  Parameters: {"authenticity_token"=>"PVelLFID8dHgY97l+1gu8+wlAjbr5fmPRC+i8ridzwmBpBjNTYD5H4ZrpxQLdMvvZFT49dXIKF+JBK8WfsDuww==", "user"=>{"email"=>"happy@happy.com", "password"=>"[FILTERED]"}}
  [1m[35m (0.2ms)[0m  [1m[35mBEGIN[0m
  ↳ app/controllers/users_controller.rb:9
  [1m[35m (0.3ms)[0m  [1m[31mROLLBACK[0m
  ↳ app/controllers/users_controller.rb:9
Completed 500 Internal Server Error in 355ms (ActiveRecord: 0.5ms)



NoMethodError - undefined method `ensure_session_toked' for #<User:0x00007fe109eb3420>
Did you mean?  ensure_session_token:
  app/controllers/users_controller.rb:9:in `create'

Started POST "/__better_errors/25af44b24d4c1bcd/variables" for ::1 at 2019-11-26 15:40:41 -0800
Started GET "/users/new" for ::1 at 2019-11-26 15:43:47 -0800
Processing by UsersController#new as HTML
  Rendering users/new.html.erb within layouts/application
  Rendered users/new.html.erb within layouts/application (1.0ms)
Completed 200 OK in 65ms (Views: 40.3ms | ActiveRecord: 7.2ms)


Started POST "/users" for ::1 at 2019-11-26 15:43:57 -0800
Processing by UsersController#create as HTML
  Parameters: {"authenticity_token"=>"U36rEP2ydSAr2GAGon8BbwDp9GAE5UFlvOynhuvKLOvvjRbx4jF97k3QGfdSU+RziJgOozrIkLVxx6piLZcNIQ==", "user"=>{"email"=>"happy@happy.com", "password"=>"[FILTERED]"}}
  [1m[35m (0.2ms)[0m  [1m[35mBEGIN[0m
  ↳ app/controllers/users_controller.rb:9
  [1m[36mUser Exists (43.6ms)[0m  [1m[34mSELECT  1 AS one FROM "users" WHERE "users"."email" = $1 LIMIT $2[0m  [["email", "happy@happy.com"], ["LIMIT", 1]]
  ↳ app/controllers/users_controller.rb:9
  [1m[36mUser Exists (0.6ms)[0m  [1m[34mSELECT  1 AS one FROM "users" WHERE "users"."session_token" IS NULL LIMIT $1[0m  [["LIMIT", 1]]
  ↳ app/controllers/users_controller.rb:9
  [1m[35m (0.3ms)[0m  [1m[31mROLLBACK[0m
  ↳ app/controllers/users_controller.rb:9
No template found for UsersController#create, rendering head :no_content
Completed 204 No Content in 510ms (ActiveRecord: 44.7ms)


Started POST "/users" for ::1 at 2019-11-26 15:44:33 -0800
Processing by UsersController#create as HTML
  Parameters: {"authenticity_token"=>"U36rEP2ydSAr2GAGon8BbwDp9GAE5UFlvOynhuvKLOvvjRbx4jF97k3QGfdSU+RziJgOozrIkLVxx6piLZcNIQ==", "user"=>{"email"=>"happy@happy.com", "password"=>"[FILTERED]"}}
  [1m[35m (0.3ms)[0m  [1m[35mBEGIN[0m
  ↳ app/controllers/users_controller.rb:9
  [1m[36mUser Exists (0.5ms)[0m  [1m[34mSELECT  1 AS one FROM "users" WHERE "users"."email" = $1 LIMIT $2[0m  [["email", "happy@happy.com"], ["LIMIT", 1]]
  ↳ app/controllers/users_controller.rb:9
  [1m[36mUser Exists (0.6ms)[0m  [1m[34mSELECT  1 AS one FROM "users" WHERE "users"."session_token" IS NULL LIMIT $1[0m  [["LIMIT", 1]]
  ↳ app/controllers/users_controller.rb:9
  [1m[35m (0.3ms)[0m  [1m[31mROLLBACK[0m
  ↳ app/controllers/users_controller.rb:9
No template found for UsersController#create, rendering head :no_content
Completed 204 No Content in 448ms (ActiveRecord: 1.6ms)


Started POST "/users" for ::1 at 2019-11-26 15:44:51 -0800
Processing by UsersController#create as HTML
  Parameters: {"authenticity_token"=>"U36rEP2ydSAr2GAGon8BbwDp9GAE5UFlvOynhuvKLOvvjRbx4jF97k3QGfdSU+RziJgOozrIkLVxx6piLZcNIQ==", "user"=>{"email"=>"happy@happy.com", "password"=>"[FILTERED]"}}
  [1m[35m (0.2ms)[0m  [1m[35mBEGIN[0m
  ↳ app/controllers/users_controller.rb:9
  [1m[36mUser Exists (0.4ms)[0m  [1m[34mSELECT  1 AS one FROM "users" WHERE "users"."email" = $1 LIMIT $2[0m  [["email", "happy@happy.com"], ["LIMIT", 1]]
  ↳ app/controllers/users_controller.rb:9
  [1m[36mUser Exists (0.5ms)[0m  [1m[34mSELECT  1 AS one FROM "users" WHERE "users"."session_token" IS NULL LIMIT $1[0m  [["LIMIT", 1]]
  ↳ app/controllers/users_controller.rb:9
  [1m[35m (0.3ms)[0m  [1m[31mROLLBACK[0m
  ↳ app/controllers/users_controller.rb:9
No template found for UsersController#create, rendering head :no_content
Completed 204 No Content in 454ms (ActiveRecord: 1.5ms)


Started POST "/users" for ::1 at 2019-11-26 15:44:52 -0800
Processing by UsersController#create as HTML
  Parameters: {"authenticity_token"=>"U36rEP2ydSAr2GAGon8BbwDp9GAE5UFlvOynhuvKLOvvjRbx4jF97k3QGfdSU+RziJgOozrIkLVxx6piLZcNIQ==", "user"=>{"email"=>"happy@happy.com", "password"=>"[FILTERED]"}}
  [1m[35m (0.3ms)[0m  [1m[35mBEGIN[0m
  ↳ app/controllers/users_controller.rb:9
  [1m[36mUser Exists (0.9ms)[0m  [1m[34mSELECT  1 AS one FROM "users" WHERE "users"."email" = $1 LIMIT $2[0m  [["email", "happy@happy.com"], ["LIMIT", 1]]
  ↳ app/controllers/users_controller.rb:9
  [1m[36mUser Exists (0.9ms)[0m  [1m[34mSELECT  1 AS one FROM "users" WHERE "users"."session_token" IS NULL LIMIT $1[0m  [["LIMIT", 1]]
  ↳ app/controllers/users_controller.rb:9
  [1m[35m (0.4ms)[0m  [1m[31mROLLBACK[0m
  ↳ app/controllers/users_controller.rb:9
No template found for UsersController#create, rendering head :no_content
Completed 204 No Content in 425ms (ActiveRecord: 2.5ms)


Started GET "/users/new" for ::1 at 2019-11-26 15:47:40 -0800
Processing by UsersController#new as HTML
  Rendering users/new.html.erb within layouts/application
  Rendered users/new.html.erb within layouts/application (1.5ms)
Completed 200 OK in 46ms (Views: 45.0ms | ActiveRecord: 0.0ms)


Started POST "/users" for ::1 at 2019-11-26 15:47:48 -0800
Processing by UsersController#create as HTML
  Parameters: {"authenticity_token"=>"sGnI2rO+B/G9kAAX/1UQpp052wj15G8jZkbphEUV7rQMmnU7rD0PP9uYeeYPefW6FUghy8vJvvOrbeRgg0jPfg==", "user"=>{"email"=>"happy@happy.com", "password"=>"[FILTERED]"}}
  [1m[35m (0.3ms)[0m  [1m[35mBEGIN[0m
  ↳ app/controllers/users_controller.rb:9
  [1m[36mUser Exists (0.9ms)[0m  [1m[34mSELECT  1 AS one FROM "users" WHERE "users"."email" = $1 LIMIT $2[0m  [["email", "happy@happy.com"], ["LIMIT", 1]]
  ↳ app/controllers/users_controller.rb:9
  [1m[36mUser Exists (0.6ms)[0m  [1m[34mSELECT  1 AS one FROM "users" WHERE "users"."session_token" IS NULL LIMIT $1[0m  [["LIMIT", 1]]
  ↳ app/controllers/users_controller.rb:9
  [1m[35m (0.3ms)[0m  [1m[31mROLLBACK[0m
  ↳ app/controllers/users_controller.rb:9
No template found for UsersController#create, rendering head :no_content
Completed 204 No Content in 438ms (ActiveRecord: 2.0ms)


Started POST "/users" for ::1 at 2019-11-26 15:49:14 -0800
Processing by UsersController#create as HTML
  Parameters: {"authenticity_token"=>"sGnI2rO+B/G9kAAX/1UQpp052wj15G8jZkbphEUV7rQMmnU7rD0PP9uYeeYPefW6FUghy8vJvvOrbeRgg0jPfg==", "user"=>{"email"=>"happy@happy.com", "password"=>"[FILTERED]"}}
  [1m[35m (0.3ms)[0m  [1m[35mBEGIN[0m
  ↳ app/controllers/users_controller.rb:9
  [1m[36mUser Exists (0.5ms)[0m  [1m[34mSELECT  1 AS one FROM "users" WHERE "users"."email" = $1 LIMIT $2[0m  [["email", "happy@happy.com"], ["LIMIT", 1]]
  ↳ app/controllers/users_controller.rb:9
  [1m[36mUser Exists (0.4ms)[0m  [1m[34mSELECT  1 AS one FROM "users" WHERE "users"."session_token" IS NULL LIMIT $1[0m  [["LIMIT", 1]]
  ↳ app/controllers/users_controller.rb:9
  [1m[35m (0.3ms)[0m  [1m[31mROLLBACK[0m
  ↳ app/controllers/users_controller.rb:9
  Rendering users/new.html.erb within layouts/application
  Rendered users/new.html.erb within layouts/application (1.1ms)
Completed 200 OK in 411ms (Views: 47.0ms | ActiveRecord: 13.2ms)


Started GET "/users/new" for ::1 at 2019-11-26 15:50:13 -0800
Processing by UsersController#new as HTML
  Rendering users/new.html.erb within layouts/application
  Rendered users/new.html.erb within layouts/application (0.8ms)
Completed 200 OK in 44ms (Views: 42.8ms | ActiveRecord: 0.0ms)


Started POST "/users" for ::1 at 2019-11-26 15:50:17 -0800
Processing by UsersController#create as HTML
  Parameters: {"authenticity_token"=>"x5hUBhd5rDEVbsq4MCDjdH/TtcpajRDmrP3Jr+1MgjV7a+nnCPqk/3Nms0nADAZo96JPCWSgwTZh1sRLKxGj/w==", "user"=>{"email"=>"happy@happy.com", "password"=>"[FILTERED]"}}
  [1m[35m (0.3ms)[0m  [1m[35mBEGIN[0m
  ↳ app/controllers/users_controller.rb:9
  [1m[36mUser Exists (0.5ms)[0m  [1m[34mSELECT  1 AS one FROM "users" WHERE "users"."email" = $1 LIMIT $2[0m  [["email", "happy@happy.com"], ["LIMIT", 1]]
  ↳ app/controllers/users_controller.rb:9
  [1m[36mUser Exists (0.4ms)[0m  [1m[34mSELECT  1 AS one FROM "users" WHERE "users"."session_token" IS NULL LIMIT $1[0m  [["LIMIT", 1]]
  ↳ app/controllers/users_controller.rb:9
  [1m[35m (0.2ms)[0m  [1m[31mROLLBACK[0m
  ↳ app/controllers/users_controller.rb:9
  Rendering users/new.html.erb within layouts/application
  Rendered users/new.html.erb within layouts/application (0.7ms)
Completed 200 OK in 372ms (Views: 33.5ms | ActiveRecord: 1.3ms)


Started POST "/users" for ::1 at 2019-11-26 15:50:50 -0800
Processing by UsersController#create as HTML
  Parameters: {"authenticity_token"=>"x5hUBhd5rDEVbsq4MCDjdH/TtcpajRDmrP3Jr+1MgjV7a+nnCPqk/3Nms0nADAZo96JPCWSgwTZh1sRLKxGj/w==", "user"=>{"email"=>"happy@happy.com", "password"=>"[FILTERED]"}}
  [1m[35m (0.3ms)[0m  [1m[35mBEGIN[0m
  ↳ app/controllers/users_controller.rb:9
  [1m[36mUser Exists (0.5ms)[0m  [1m[34mSELECT  1 AS one FROM "users" WHERE "users"."email" = $1 LIMIT $2[0m  [["email", "happy@happy.com"], ["LIMIT", 1]]
  ↳ app/controllers/users_controller.rb:9
  [1m[36mUser Exists (0.7ms)[0m  [1m[34mSELECT  1 AS one FROM "users" WHERE "users"."session_token" IS NULL LIMIT $1[0m  [["LIMIT", 1]]
  ↳ app/controllers/users_controller.rb:9
  [1m[35m (0.3ms)[0m  [1m[31mROLLBACK[0m
  ↳ app/controllers/users_controller.rb:9
  Rendering users/new.html.erb within layouts/application
  Rendered users/new.html.erb within layouts/application (0.7ms)
Completed 200 OK in 382ms (Views: 44.6ms | ActiveRecord: 1.7ms)


Started POST "/users" for ::1 at 2019-11-26 15:53:35 -0800
Processing by UsersController#create as HTML
  Parameters: {"authenticity_token"=>"x5hUBhd5rDEVbsq4MCDjdH/TtcpajRDmrP3Jr+1MgjV7a+nnCPqk/3Nms0nADAZo96JPCWSgwTZh1sRLKxGj/w==", "user"=>{"email"=>"happy@happy.com", "password"=>"[FILTERED]"}}
  [1m[35m (0.2ms)[0m  [1m[35mBEGIN[0m
  ↳ app/controllers/users_controller.rb:9
  [1m[36mUser Exists (0.5ms)[0m  [1m[34mSELECT  1 AS one FROM "users" WHERE "users"."email" = $1 LIMIT $2[0m  [["email", "happy@happy.com"], ["LIMIT", 1]]
  ↳ app/controllers/users_controller.rb:9
  [1m[36mUser Exists (0.6ms)[0m  [1m[34mSELECT  1 AS one FROM "users" WHERE "users"."session_token" = $1 LIMIT $2[0m  [["session_token", "jRRqeDeerH8XYpvJaHHVNg"], ["LIMIT", 1]]
  ↳ app/controllers/users_controller.rb:9
  [1m[36mUser Create (2.4ms)[0m  [1m[32mINSERT INTO "users" ("email", "password_digest", "session_token", "created_at", "updated_at") VALUES ($1, $2, $3, $4, $5) RETURNING "id"[0m  [["email", "happy@happy.com"], ["password_digest", "$2a$12$xNg6VYCZmUvY/2pdR5/kZeKpLbXXsZ9ol3Yw0qE6URJXxCjY93HGq"], ["session_token", "jRRqeDeerH8XYpvJaHHVNg"], ["created_at", "2019-11-26 23:53:36.000104"], ["updated_at", "2019-11-26 23:53:36.000104"]]
  ↳ app/controllers/users_controller.rb:9
  [1m[35m (0.6ms)[0m  [1m[35mCOMMIT[0m
  ↳ app/controllers/users_controller.rb:9
  [1m[35m (0.3ms)[0m  [1m[35mBEGIN[0m
  ↳ app/models/user.rb:32
  [1m[36mUser Exists (1.2ms)[0m  [1m[34mSELECT  1 AS one FROM "users" WHERE "users"."email" = $1 AND "users"."id" != $2 LIMIT $3[0m  [["email", "happy@happy.com"], ["id", 1], ["LIMIT", 1]]
  ↳ app/models/user.rb:32
  [1m[36mUser Exists (0.5ms)[0m  [1m[34mSELECT  1 AS one FROM "users" WHERE "users"."session_token" = $1 AND "users"."id" != $2 LIMIT $3[0m  [["session_token", "mNrlpzXYLvtgceyO__-6Iw"], ["id", 1], ["LIMIT", 1]]
  ↳ app/models/user.rb:32
  [1m[36mUser Update (0.8ms)[0m  [1m[33mUPDATE "users" SET "session_token" = $1, "updated_at" = $2 WHERE "users"."id" = $3[0m  [["session_token", "mNrlpzXYLvtgceyO__-6Iw"], ["updated_at", "2019-11-26 23:53:36.014348"], ["id", 1]]
  ↳ app/models/user.rb:32
  [1m[35m (0.4ms)[0m  [1m[35mCOMMIT[0m
  ↳ app/models/user.rb:32
Completed 200 OK in 375ms (Views: 1.9ms | ActiveRecord: 14.0ms)


Started GET "/users/new" for ::1 at 2019-11-26 15:53:50 -0800
Processing by UsersController#new as HTML
  Rendering users/new.html.erb within layouts/application
  Rendered users/new.html.erb within layouts/application (0.7ms)
Completed 200 OK in 41ms (Views: 39.9ms | ActiveRecord: 0.0ms)


Started GET "/users/new" for ::1 at 2019-11-26 15:53:51 -0800
Processing by UsersController#new as HTML
  Rendering users/new.html.erb within layouts/application
  Rendered users/new.html.erb within layouts/application (1.0ms)
Completed 200 OK in 48ms (Views: 46.7ms | ActiveRecord: 0.0ms)


Started POST "/users" for ::1 at 2019-11-26 15:54:51 -0800
Processing by UsersController#create as HTML
  Parameters: {"authenticity_token"=>"IWhT+8LrdXlmbYIBXjk5cxKHa0BWvUn0mCtf+nljyNadm+4a3Wh9twBl+/CuFdxvmvaRg2iQmCRVAFIevz7pHA==", "user"=>{"email"=>"happy@happy.com", "password"=>"[FILTERED]"}}
  [1m[35m (0.2ms)[0m  [1m[35mBEGIN[0m
  ↳ app/controllers/users_controller.rb:9
  [1m[36mUser Exists (0.5ms)[0m  [1m[34mSELECT  1 AS one FROM "users" WHERE "users"."email" = $1 LIMIT $2[0m  [["email", "happy@happy.com"], ["LIMIT", 1]]
  ↳ app/controllers/users_controller.rb:9
  [1m[36mUser Exists (0.4ms)[0m  [1m[34mSELECT  1 AS one FROM "users" WHERE "users"."session_token" = $1 LIMIT $2[0m  [["session_token", "gCNH6tcKwO1bH-me7xaSoQ"], ["LIMIT", 1]]
  ↳ app/controllers/users_controller.rb:9
  [1m[35m (0.2ms)[0m  [1m[31mROLLBACK[0m
  ↳ app/controllers/users_controller.rb:9
  Rendering users/new.html.erb within layouts/application
  Rendered users/new.html.erb within layouts/application (0.8ms)
Completed 200 OK in 387ms (Views: 38.9ms | ActiveRecord: 1.3ms)


Started POST "/users" for ::1 at 2019-11-26 15:56:03 -0800
Processing by UsersController#create as HTML
  Parameters: {"authenticity_token"=>"3R/43eQKjUHq+GLjQqyFywS4bpEpgnMr+JfhXq1sNulh7EU8+4mFj4zwGxKygGDXjMmUUhevovs1vOy6azEXIw==", "user"=>{"email"=>"happy@happy.com", "password"=>"[FILTERED]"}}
  [1m[35m (0.3ms)[0m  [1m[35mBEGIN[0m
  ↳ app/controllers/users_controller.rb:9
  [1m[36mUser Exists (0.7ms)[0m  [1m[34mSELECT  1 AS one FROM "users" WHERE "users"."email" = $1 LIMIT $2[0m  [["email", "happy@happy.com"], ["LIMIT", 1]]
  ↳ app/controllers/users_controller.rb:9
  [1m[36mUser Exists (0.6ms)[0m  [1m[34mSELECT  1 AS one FROM "users" WHERE "users"."session_token" = $1 LIMIT $2[0m  [["session_token", "SmYoGOj_80gLMs3zdjs1OQ"], ["LIMIT", 1]]
  ↳ app/controllers/users_controller.rb:9
  [1m[35m (0.3ms)[0m  [1m[31mROLLBACK[0m
  ↳ app/controllers/users_controller.rb:9
  Rendering users/new.html.erb within layouts/application
  Rendered users/new.html.erb within layouts/application (0.6ms)
Completed 200 OK in 360ms (Views: 23.4ms | ActiveRecord: 1.8ms)


Started GET "/users" for ::1 at 2019-11-26 15:56:20 -0800

AbstractController::ActionNotFound - The action 'index' could not be found for UsersController:

Started POST "/__better_errors/b87a808053d0f36c/variables" for ::1 at 2019-11-26 15:56:20 -0800
Started POST "/__better_errors/b87a808053d0f36c/variables" for ::1 at 2019-11-26 15:56:24 -0800
Started GET "/session/new" for ::1 at 2019-11-26 15:56:34 -0800
Processing by SessionsController#new as HTML
  Rendering sessions/new.html.erb within layouts/application
  Rendered sessions/new.html.erb within layouts/application (0.7ms)
Completed 200 OK in 43ms (Views: 42.2ms | ActiveRecord: 0.0ms)


Started POST "/session" for ::1 at 2019-11-26 15:56:43 -0800
Processing by SessionsController#create as HTML
  Parameters: {"authenticity_token"=>"4qUyPe49LiDkxwOeNf3gOCNyakVXnn7WnIGjhQxLdWdeVo/c8b4m7oLPem/F0QUkqwOQhmmzrwZRqq5hyhZUrQ==", "user"=>{"email"=>"happy@happy.com", "password"=>"[FILTERED]"}}
  [1m[36mUser Load (0.5ms)[0m  [1m[34mSELECT  "users".* FROM "users" WHERE "users"."email" IS NULL LIMIT $1[0m  [["LIMIT", 1]]
  ↳ app/models/user.rb:16
Completed 500 Internal Server Error in 265ms (ActiveRecord: 0.9ms)



NameError - undefined local variable or method `fash' for #<SessionsController:0x00007fe106420150>
Did you mean?  flash:
  app/controllers/sessions_controller.rb:11:in `create'

Started POST "/__better_errors/752141df842ca8e6/variables" for ::1 at 2019-11-26 15:56:44 -0800
Started GET "/session/new" for ::1 at 2019-11-26 15:57:14 -0800
Processing by SessionsController#new as HTML
  Rendering sessions/new.html.erb within layouts/application
  Rendered sessions/new.html.erb within layouts/application (0.9ms)
Completed 200 OK in 30ms (Views: 29.6ms | ActiveRecord: 0.0ms)


Started POST "/session" for ::1 at 2019-11-26 15:57:20 -0800
Processing by SessionsController#create as HTML
  Parameters: {"authenticity_token"=>"mvt8V9Uge9XlAZK4eUPQzt7nLe51ThHq9Yix9D7jPdcmCMG2yqNzG4MJ60mJbzXSVpbXLUtjwDo4o7wQ+L4cHQ==", "user"=>{"email"=>"happy@happy.com", "password"=>"[FILTERED]"}}
  [1m[36mUser Load (0.3ms)[0m  [1m[34mSELECT  "users".* FROM "users" WHERE "users"."email" IS NULL LIMIT $1[0m  [["LIMIT", 1]]
  ↳ app/models/user.rb:16
Completed 500 Internal Server Error in 14ms (ActiveRecord: 3.8ms)



NoMethodError - undefined method `errors' for nil:NilClass:
  app/controllers/sessions_controller.rb:11:in `create'

Started POST "/__better_errors/f1e4eff0ec424fe5/variables" for ::1 at 2019-11-26 15:57:20 -0800
Started POST "/session" for ::1 at 2019-11-26 15:58:12 -0800
Processing by SessionsController#create as HTML
  Parameters: {"authenticity_token"=>"mvt8V9Uge9XlAZK4eUPQzt7nLe51ThHq9Yix9D7jPdcmCMG2yqNzG4MJ60mJbzXSVpbXLUtjwDo4o7wQ+L4cHQ==", "user"=>{"email"=>"happy@happy.com", "password"=>"[FILTERED]"}}
  [1m[36mUser Load (0.4ms)[0m  [1m[34mSELECT  "users".* FROM "users" WHERE "users"."email" IS NULL LIMIT $1[0m  [["LIMIT", 1]]
  ↳ app/models/user.rb:16
Completed 500 Internal Server Error in 12ms (ActiveRecord: 3.4ms)



NoMethodError - undefined method `errors' for nil:NilClass:
  app/controllers/sessions_controller.rb:11:in `create'

Started POST "/__better_errors/70c1c6dca0dc8076/variables" for ::1 at 2019-11-26 15:58:12 -0800
Started GET "/session/new" for ::1 at 2019-11-26 15:59:29 -0800
Processing by SessionsController#new as HTML
  Rendering sessions/new.html.erb within layouts/application
  Rendered sessions/new.html.erb within layouts/application (0.7ms)
Completed 200 OK in 54ms (Views: 33.0ms | ActiveRecord: 8.9ms)


Started POST "/session" for ::1 at 2019-11-26 15:59:35 -0800
Processing by SessionsController#create as HTML
  Parameters: {"authenticity_token"=>"VBfdTLX+eHxOLAm5njxomQNOYbnPzZ//XrEuTBZ7MJzo5GCtqn1wsigkcEhuEI2Fiz+bevHgTi+TmiOo0CYRVg==", "user"=>{"email"=>"happy@happy.com", "password"=>"[FILTERED]"}}
  [1m[36mUser Load (0.4ms)[0m  [1m[34mSELECT  "users".* FROM "users" WHERE "users"."email" IS NULL LIMIT $1[0m  [["LIMIT", 1]]
  ↳ app/models/user.rb:16
Completed 500 Internal Server Error in 7ms (ActiveRecord: 0.4ms)



NoMethodError - undefined method `errors' for nil:NilClass:
  app/controllers/sessions_controller.rb:12:in `create'

Started POST "/__better_errors/259c0b4074c4d7fe/variables" for ::1 at 2019-11-26 15:59:35 -0800
Started GET "/session/new" for ::1 at 2019-11-26 16:00:33 -0800
Processing by SessionsController#new as HTML
  Rendering sessions/new.html.erb within layouts/application
  Rendered sessions/new.html.erb within layouts/application (0.8ms)
Completed 200 OK in 72ms (Views: 51.7ms | ActiveRecord: 8.1ms)


Started POST "/session" for ::1 at 2019-11-26 16:00:39 -0800
Processing by SessionsController#create as HTML
  Parameters: {"authenticity_token"=>"Rd1OQZcuE03lG375bn9WVc6XBd939znYMSyZUD7JUb75LvOgiK0bg4MTBwieU7NJRub/HEna6Aj8B5S0+JRwdA==", "user"=>{"email"=>"happy@happy.com", "password"=>"[FILTERED]"}}
  [1m[36mUser Load (0.5ms)[0m  [1m[34mSELECT  "users".* FROM "users" WHERE "users"."email" IS NULL LIMIT $1[0m  [["LIMIT", 1]]
  ↳ app/models/user.rb:16
Completed 500 Internal Server Error in 8ms (ActiveRecord: 0.5ms)



NoMethodError - undefined method `errors' for nil:NilClass:
  app/controllers/sessions_controller.rb:12:in `create'

Started POST "/__better_errors/7ee3e3b10b21e879/variables" for ::1 at 2019-11-26 16:00:39 -0800
Started GET "/session/new" for ::1 at 2019-11-26 16:03:17 -0800
Processing by SessionsController#new as HTML
  Rendering sessions/new.html.erb within layouts/application
  Rendered sessions/new.html.erb within layouts/application (1.0ms)
Completed 200 OK in 59ms (Views: 35.9ms | ActiveRecord: 7.0ms)


Started POST "/session" for ::1 at 2019-11-26 16:03:22 -0800
Processing by SessionsController#create as HTML
  Parameters: {"authenticity_token"=>"eElAROQNOS3zpqiGHcB0061MQMfL1y6pafMPj8Og1FnEuv2l+44x45Wu0Xft7JHPJT26BPX6/3mk2AJrBf31kw==", "user"=>{"email"=>"happy@happy.com", "password"=>"[FILTERED]"}}
  [1m[36mUser Load (0.5ms)[0m  [1m[34mSELECT  "users".* FROM "users" WHERE "users"."email" IS NULL LIMIT $1[0m  [["LIMIT", 1]]
  ↳ app/models/user.rb:16
Completed 500 Internal Server Error in 8ms (ActiveRecord: 0.5ms)



NoMethodError - undefined method `errors' for nil:NilClass:
  app/controllers/sessions_controller.rb:13:in `create'

Started POST "/__better_errors/c23bc53c06ee702b/variables" for ::1 at 2019-11-26 16:03:22 -0800
Started POST "/__better_errors/c23bc53c06ee702b/eval" for ::1 at 2019-11-26 16:06:10 -0800
Started POST "/__better_errors/c23bc53c06ee702b/eval" for ::1 at 2019-11-26 16:06:20 -0800
Started POST "/__better_errors/c23bc53c06ee702b/eval" for ::1 at 2019-11-26 16:06:36 -0800
Started POST "/__better_errors/c23bc53c06ee702b/eval" for ::1 at 2019-11-26 16:06:47 -0800
Started POST "/__better_errors/c23bc53c06ee702b/eval" for ::1 at 2019-11-26 16:07:00 -0800
Started POST "/__better_errors/c23bc53c06ee702b/eval" for ::1 at 2019-11-26 16:07:22 -0800
Started GET "/session/new" for ::1 at 2019-11-26 16:08:21 -0800
Processing by SessionsController#new as HTML
  Rendering sessions/new.html.erb within layouts/application
  Rendered sessions/new.html.erb within layouts/application (1.6ms)
Completed 200 OK in 94ms (Views: 59.9ms | ActiveRecord: 13.1ms)


Started POST "/session" for ::1 at 2019-11-26 16:08:25 -0800
Processing by SessionsController#create as HTML
  Parameters: {"authenticity_token"=>"rPI6EinFOwDC9+QGvJY084ZR3bCMd+I3ZjJH0l2IRoIQAYfzNkYzzqT/nfdMutHvDiAnc7JaM+erGUo2m9VnSA==", "user"=>{"email"=>"happy@happy.com", "password"=>"[FILTERED]"}}
  [1m[36mUser Load (0.7ms)[0m  [1m[34mSELECT  "users".* FROM "users" WHERE "users"."email" IS NULL LIMIT $1[0m  [["LIMIT", 1]]
  ↳ app/models/user.rb:16
Completed 500 Internal Server Error in 8ms (ActiveRecord: 0.7ms)



NoMethodError - undefined method `save' for nil:NilClass:
  app/controllers/sessions_controller.rb:9:in `create'

Started POST "/__better_errors/c0b17e5ce93f25e2/variables" for ::1 at 2019-11-26 16:08:26 -0800
Started GET "/session/new" for ::1 at 2019-11-26 16:10:59 -0800
Processing by SessionsController#new as HTML
  Rendering sessions/new.html.erb within layouts/application
  Rendered sessions/new.html.erb within layouts/application (1.2ms)
Completed 200 OK in 66ms (Views: 43.4ms | ActiveRecord: 7.3ms)


Started POST "/session" for ::1 at 2019-11-26 16:11:17 -0800
Processing by SessionsController#create as HTML
  Parameters: {"authenticity_token"=>"f3s3+wrTesbPJ2CTjxQAMMutUgfhK5d3bTiyIfdQ9kLDiIoaFVByCKkvGWJ/OOUsQ9yoxN8GRqegE7/FMQ3XiA==", "user"=>{"email"=>"happy@happy.com", "password"=>"[FILTERED]"}}
  [1m[36mUser Load (0.8ms)[0m  [1m[34mSELECT  "users".* FROM "users" WHERE "users"."email" IS NULL LIMIT $1[0m  [["LIMIT", 1]]
  ↳ app/models/user.rb:16
Completed 500 Internal Server Error in 7ms (ActiveRecord: 0.8ms)



NoMethodError - undefined method `save' for nil:NilClass:
  app/controllers/sessions_controller.rb:9:in `create'

Started POST "/__better_errors/84fa7f1a18bb992d/variables" for ::1 at 2019-11-26 16:11:17 -0800
Started GET "/session/new" for ::1 at 2019-11-26 16:11:49 -0800
Processing by SessionsController#new as HTML
  Rendering sessions/new.html.erb within layouts/application
  Rendered sessions/new.html.erb within layouts/application (0.8ms)
Completed 200 OK in 66ms (Views: 43.8ms | ActiveRecord: 7.3ms)


Started POST "/session" for ::1 at 2019-11-26 16:11:54 -0800
Processing by SessionsController#create as HTML
  Parameters: {"authenticity_token"=>"vfZJqnINRQHR5XOIlIHe3Y5nXaCqfDyHCftU8Cuk9XYBBfRLbY5Nz7ftCnlkrTvBBhanY5RR7VfE0FkU7fnUvA==", "user"=>{"email"=>"happy@happy.com", "password"=>"[FILTERED]"}}
  [1m[36mUser Load (0.5ms)[0m  [1m[34mSELECT  "users".* FROM "users" WHERE "users"."email" IS NULL LIMIT $1[0m  [["LIMIT", 1]]
  ↳ app/models/user.rb:16
Completed 500 Internal Server Error in 63999ms (ActiveRecord: 0.5ms)



NoMethodError - undefined method `save' for nil:NilClass:
  app/controllers/sessions_controller.rb:10:in `create'

Started GET "/session/new" for ::1 at 2019-11-26 16:12:58 -0800
Started GET "/session/new" for ::1 at 2019-11-26 16:12:58 -0800
Processing by SessionsController#new as HTML
  Rendering sessions/new.html.erb within layouts/application
  Rendered sessions/new.html.erb within layouts/application (1.0ms)
Completed 200 OK in 71ms (Views: 69.9ms | ActiveRecord: 0.0ms)


Processing by SessionsController#new as HTML
  Rendering sessions/new.html.erb within layouts/application
  Rendered sessions/new.html.erb within layouts/application (0.3ms)
Completed 200 OK in 53ms (Views: 52.6ms | ActiveRecord: 0.0ms)


Started GET "/session/new" for ::1 at 2019-11-26 16:13:01 -0800
Processing by SessionsController#new as HTML
  Rendering sessions/new.html.erb within layouts/application
  Rendered sessions/new.html.erb within layouts/application (0.9ms)
Completed 200 OK in 48ms (Views: 21.2ms | ActiveRecord: 14.6ms)


Started POST "/session" for ::1 at 2019-11-26 16:13:06 -0800
Processing by SessionsController#create as HTML
  Parameters: {"authenticity_token"=>"F5OdVRj+WLhGNx3yLgLP8Fibo8SzjM7fWE3ew3FwcMurYCC0B31QdiA/ZAPeLirs0OpZB42hHw+VZtMnty1RAQ==", "user"=>{"email"=>"happy@happy.com", "password"=>"[FILTERED]"}}
  [1m[36mUser Load (0.9ms)[0m  [1m[34mSELECT  "users".* FROM "users" WHERE "users"."email" IS NULL LIMIT $1[0m  [["LIMIT", 1]]
  ↳ app/models/user.rb:16
  Rendering sessions/new.html.erb within layouts/application
  Rendered sessions/new.html.erb within layouts/application (0.8ms)
Completed 200 OK in 32ms (Views: 26.7ms | ActiveRecord: 1.2ms)


Started GET "/users/new" for ::1 at 2019-11-26 16:15:23 -0800
Processing by UsersController#new as HTML
  Rendering users/new.html.erb within layouts/application
  Rendered users/new.html.erb within layouts/application (0.8ms)
Completed 200 OK in 75ms (Views: 56.4ms | ActiveRecord: 6.5ms)


Started POST "/users" for ::1 at 2019-11-26 16:15:41 -0800
Processing by UsersController#create as HTML
  Parameters: {"authenticity_token"=>"7rXKlb3xnHGbyDO9VMIjv2gq/djlkl0ySPjZIXviF+hSRnd0onKUv/3ASkyk7saj4FsHG9u/jOKF09TFvb82Ig==", "user"=>{"email"=>"very_happy@happy.com", "password"=>"[FILTERED]"}}
  [1m[35m (0.3ms)[0m  [1m[35mBEGIN[0m
  ↳ app/controllers/users_controller.rb:9
  [1m[36mUser Exists (1.1ms)[0m  [1m[34mSELECT  1 AS one FROM "users" WHERE "users"."email" = $1 LIMIT $2[0m  [["email", "very_happy@happy.com"], ["LIMIT", 1]]
  ↳ app/controllers/users_controller.rb:9
  [1m[36mUser Exists (0.6ms)[0m  [1m[34mSELECT  1 AS one FROM "users" WHERE "users"."session_token" = $1 LIMIT $2[0m  [["session_token", "LyirsGPnPlQ6RiMc32_CMw"], ["LIMIT", 1]]
  ↳ app/controllers/users_controller.rb:9
  [1m[36mUser Create (0.8ms)[0m  [1m[32mINSERT INTO "users" ("email", "password_digest", "session_token", "created_at", "updated_at") VALUES ($1, $2, $3, $4, $5) RETURNING "id"[0m  [["email", "very_happy@happy.com"], ["password_digest", "$2a$12$rJey0ZhtVOPABzg6d5k1/.a9YCwpVeKRFvwCIvL7/9XFhl3Wfbiam"], ["session_token", "LyirsGPnPlQ6RiMc32_CMw"], ["created_at", "2019-11-27 00:15:42.000731"], ["updated_at", "2019-11-27 00:15:42.000731"]]
  ↳ app/controllers/users_controller.rb:9
  [1m[35m (1.2ms)[0m  [1m[35mCOMMIT[0m
  ↳ app/controllers/users_controller.rb:9
  [1m[35m (0.2ms)[0m  [1m[35mBEGIN[0m
  ↳ app/models/user.rb:32
  [1m[36mUser Exists (0.6ms)[0m  [1m[34mSELECT  1 AS one FROM "users" WHERE "users"."email" = $1 AND "users"."id" != $2 LIMIT $3[0m  [["email", "very_happy@happy.com"], ["id", 2], ["LIMIT", 1]]
  ↳ app/models/user.rb:32
  [1m[36mUser Exists (0.8ms)[0m  [1m[34mSELECT  1 AS one FROM "users" WHERE "users"."session_token" = $1 AND "users"."id" != $2 LIMIT $3[0m  [["session_token", "Pml_pgmyC4zu4nUCugkIvg"], ["id", 2], ["LIMIT", 1]]
  ↳ app/models/user.rb:32
  [1m[36mUser Update (0.9ms)[0m  [1m[33mUPDATE "users" SET "session_token" = $1, "updated_at" = $2 WHERE "users"."id" = $3[0m  [["session_token", "Pml_pgmyC4zu4nUCugkIvg"], ["updated_at", "2019-11-27 00:15:42.010757"], ["id", 2]]
  ↳ app/models/user.rb:32
  [1m[35m (0.4ms)[0m  [1m[35mCOMMIT[0m
  ↳ app/models/user.rb:32
Completed 200 OK in 350ms (Views: 0.8ms | ActiveRecord: 6.8ms)


Started GET "/session/new" for ::1 at 2019-11-26 16:15:57 -0800
Processing by SessionsController#new as HTML
  Rendering sessions/new.html.erb within layouts/application
  Rendered sessions/new.html.erb within layouts/application (1.5ms)
Completed 200 OK in 46ms (Views: 45.0ms | ActiveRecord: 0.0ms)


Started POST "/session" for ::1 at 2019-11-26 16:16:07 -0800
Processing by SessionsController#create as HTML
  Parameters: {"authenticity_token"=>"7WdNeTLldHcTL0zlE0IvZfciPdaQHzwGMBJoo20O071RlPCYLWZ8uXUnNRTjbsp5f1PHFa4y7db9OWVHq1Pydw==", "user"=>{"email"=>"very_happy@happy.com", "password"=>"[FILTERED]"}}
  [1m[36mUser Load (0.4ms)[0m  [1m[34mSELECT  "users".* FROM "users" WHERE "users"."email" IS NULL LIMIT $1[0m  [["LIMIT", 1]]
  ↳ app/models/user.rb:16
  Rendering sessions/new.html.erb within layouts/application
  Rendered sessions/new.html.erb within layouts/application (0.7ms)
Completed 200 OK in 36ms (Views: 32.4ms | ActiveRecord: 0.4ms)


Started POST "/session" for ::1 at 2019-11-26 16:16:19 -0800
Processing by SessionsController#create as HTML
  Parameters: {"authenticity_token"=>"B+nH8pLECsM2VDlGZf/5VptXUbBkJnKkXQnWFhdbXty7GnoTjUcCDVBcQLeV0xxKEyarc1oLo3SQItvy0QZ/Fg==", "user"=>{"email"=>"very_happy@happy.com", "password"=>"[FILTERED]"}}
  [1m[36mUser Load (0.5ms)[0m  [1m[34mSELECT  "users".* FROM "users" WHERE "users"."email" IS NULL LIMIT $1[0m  [["LIMIT", 1]]
  ↳ app/models/user.rb:16
  Rendering sessions/new.html.erb within layouts/application
  Rendered sessions/new.html.erb within layouts/application (0.8ms)
Completed 200 OK in 39ms (Views: 35.0ms | ActiveRecord: 0.5ms)


Started GET "/users/new" for ::1 at 2019-11-26 16:16:25 -0800
Processing by UsersController#new as HTML
  Rendering users/new.html.erb within layouts/application
  Rendered users/new.html.erb within layouts/application (1.4ms)
Completed 200 OK in 35ms (Views: 33.5ms | ActiveRecord: 0.0ms)


Started POST "/users" for ::1 at 2019-11-26 16:16:47 -0800
Processing by UsersController#create as HTML
  Parameters: {"authenticity_token"=>"RFTkSrIFCusc5feMT8g3GfpulSXmpqqJS4PE9yLlPEX4p1mrrYYCJXrtjn2/5NIFch9v5tiLe1mGqMkT5Lgdjw==", "user"=>{"email"=>"very_nice@nice.com", "password"=>"[FILTERED]"}}
  [1m[35m (0.2ms)[0m  [1m[35mBEGIN[0m
  ↳ app/controllers/users_controller.rb:9
  [1m[36mUser Exists (0.4ms)[0m  [1m[34mSELECT  1 AS one FROM "users" WHERE "users"."email" = $1 LIMIT $2[0m  [["email", "very_nice@nice.com"], ["LIMIT", 1]]
  ↳ app/controllers/users_controller.rb:9
  [1m[36mUser Exists (0.4ms)[0m  [1m[34mSELECT  1 AS one FROM "users" WHERE "users"."session_token" = $1 LIMIT $2[0m  [["session_token", "GlNhvuh2WDxH7Yvj6npkqQ"], ["LIMIT", 1]]
  ↳ app/controllers/users_controller.rb:9
  [1m[36mUser Create (0.9ms)[0m  [1m[32mINSERT INTO "users" ("email", "password_digest", "session_token", "created_at", "updated_at") VALUES ($1, $2, $3, $4, $5) RETURNING "id"[0m  [["email", "very_nice@nice.com"], ["password_digest", "$2a$12$aN2mW0hQ9sVhIEXnjn9cGu8Wx2W5AweSHbrZZhpg0hhgfJQrbe3o6"], ["session_token", "GlNhvuh2WDxH7Yvj6npkqQ"], ["created_at", "2019-11-27 00:16:47.566883"], ["updated_at", "2019-11-27 00:16:47.566883"]]
  ↳ app/controllers/users_controller.rb:9
  [1m[35m (0.7ms)[0m  [1m[35mCOMMIT[0m
  ↳ app/controllers/users_controller.rb:9
  [1m[35m (0.2ms)[0m  [1m[35mBEGIN[0m
  ↳ app/models/user.rb:32
  [1m[36mUser Exists (0.6ms)[0m  [1m[34mSELECT  1 AS one FROM "users" WHERE "users"."email" = $1 AND "users"."id" != $2 LIMIT $3[0m  [["email", "very_nice@nice.com"], ["id", 3], ["LIMIT", 1]]
  ↳ app/models/user.rb:32
  [1m[36mUser Exists (0.5ms)[0m  [1m[34mSELECT  1 AS one FROM "users" WHERE "users"."session_token" = $1 AND "users"."id" != $2 LIMIT $3[0m  [["session_token", "9tR6RY5dRbOVijgpC-CmQw"], ["id", 3], ["LIMIT", 1]]
  ↳ app/models/user.rb:32
  [1m[36mUser Update (0.5ms)[0m  [1m[33mUPDATE "users" SET "session_token" = $1, "updated_at" = $2 WHERE "users"."id" = $3[0m  [["session_token", "9tR6RY5dRbOVijgpC-CmQw"], ["updated_at", "2019-11-27 00:16:47.574940"], ["id", 3]]
  ↳ app/models/user.rb:32
  [1m[35m (0.4ms)[0m  [1m[35mCOMMIT[0m
  ↳ app/models/user.rb:32
Completed 200 OK in 350ms (Views: 0.6ms | ActiveRecord: 4.9ms)


Started GET "/session/new" for ::1 at 2019-11-26 16:16:58 -0800
Processing by SessionsController#new as HTML
  Rendering sessions/new.html.erb within layouts/application
  Rendered sessions/new.html.erb within layouts/application (1.3ms)
Completed 200 OK in 54ms (Views: 53.1ms | ActiveRecord: 0.0ms)


Started POST "/session" for ::1 at 2019-11-26 16:17:07 -0800
Processing by SessionsController#create as HTML
  Parameters: {"authenticity_token"=>"0Ul/rKSz5XolnmHQnWg8PxrK+K1J/1sB2rREDWQ5R0NtusJNuzDttEOWGCFtRNkjkrsCbnfSitEXn0npomRmiQ==", "user"=>{"email"=>"very_happy@happy.com", "password"=>"[FILTERED]"}}
  [1m[36mUser Load (0.5ms)[0m  [1m[34mSELECT  "users".* FROM "users" WHERE "users"."email" IS NULL LIMIT $1[0m  [["LIMIT", 1]]
  ↳ app/models/user.rb:16
  Rendering sessions/new.html.erb within layouts/application
  Rendered sessions/new.html.erb within layouts/application (0.7ms)
Completed 200 OK in 37ms (Views: 32.8ms | ActiveRecord: 0.5ms)


Started GET "/session" for ::1 at 2019-11-26 16:18:17 -0800
  
ActionController::RoutingError (No route matches [GET] "/session"):
  
actionpack (5.2.3) lib/action_dispatch/middleware/debug_exceptions.rb:65:in `call'
web-console (3.7.0) lib/web_console/middleware.rb:135:in `call_app'
web-console (3.7.0) lib/web_console/middleware.rb:30:in `block in call'
web-console (3.7.0) lib/web_console/middleware.rb:20:in `catch'
web-console (3.7.0) lib/web_console/middleware.rb:20:in `call'
actionpack (5.2.3) lib/action_dispatch/middleware/show_exceptions.rb:33:in `call'
railties (5.2.3) lib/rails/rack/logger.rb:38:in `call_app'
railties (5.2.3) lib/rails/rack/logger.rb:26:in `block in call'
activesupport (5.2.3) lib/active_support/tagged_logging.rb:71:in `block in tagged'
activesupport (5.2.3) lib/active_support/tagged_logging.rb:28:in `tagged'
activesupport (5.2.3) lib/active_support/tagged_logging.rb:71:in `tagged'
railties (5.2.3) lib/rails/rack/logger.rb:26:in `call'
sprockets-rails (3.2.1) lib/sprockets/rails/quiet_assets.rb:13:in `call'
actionpack (5.2.3) lib/action_dispatch/middleware/remote_ip.rb:81:in `call'
actionpack (5.2.3) lib/action_dispatch/middleware/request_id.rb:27:in `call'
rack (2.0.7) lib/rack/method_override.rb:22:in `call'
rack (2.0.7) lib/rack/runtime.rb:22:in `call'
activesupport (5.2.3) lib/active_support/cache/strategy/local_cache_middleware.rb:29:in `call'
actionpack (5.2.3) lib/action_dispatch/middleware/executor.rb:14:in `call'
actionpack (5.2.3) lib/action_dispatch/middleware/static.rb:127:in `call'
rack (2.0.7) lib/rack/sendfile.rb:111:in `call'
railties (5.2.3) lib/rails/engine.rb:524:in `call'
puma (3.12.1) lib/puma/configuration.rb:227:in `call'
puma (3.12.1) lib/puma/server.rb:660:in `handle_request'
puma (3.12.1) lib/puma/server.rb:474:in `process_client'
puma (3.12.1) lib/puma/server.rb:334:in `block in run'
puma (3.12.1) lib/puma/thread_pool.rb:135:in `block in spawn_thread'
Started GET "/session/new" for ::1 at 2019-11-26 16:19:44 -0800
Processing by SessionsController#new as HTML
  Rendering sessions/new.html.erb within layouts/application
  Rendered sessions/new.html.erb within layouts/application (1.0ms)
Completed 200 OK in 43ms (Views: 42.3ms | ActiveRecord: 0.0ms)


Started POST "/session" for ::1 at 2019-11-26 16:19:59 -0800
Processing by SessionsController#create as HTML
  Parameters: {"authenticity_token"=>"ZxCt36kHVoSKniAS1XVf3eGNjoUws8mrisjRVSfVigHb4xA+toReSuyWWeMlWbrBafx0Rg6eGHtH49yx4Yiryw==", "user"=>{"email"=>"very_nice@nice.com", "password"=>"[FILTERED]"}}
  [1m[36mUser Load (0.6ms)[0m  [1m[34mSELECT  "users".* FROM "users" WHERE "users"."email" IS NULL LIMIT $1[0m  [["LIMIT", 1]]
  ↳ app/models/user.rb:16
  Rendering sessions/new.html.erb within layouts/application
  Rendered sessions/new.html.erb within layouts/application (0.9ms)
Completed 200 OK in 38ms (Views: 32.2ms | ActiveRecord: 0.6ms)


Started GET "/session" for ::1 at 2019-11-26 16:21:36 -0800
  
ActionController::RoutingError (No route matches [GET] "/session"):
  
actionpack (5.2.3) lib/action_dispatch/middleware/debug_exceptions.rb:65:in `call'
web-console (3.7.0) lib/web_console/middleware.rb:135:in `call_app'
web-console (3.7.0) lib/web_console/middleware.rb:30:in `block in call'
web-console (3.7.0) lib/web_console/middleware.rb:20:in `catch'
web-console (3.7.0) lib/web_console/middleware.rb:20:in `call'
actionpack (5.2.3) lib/action_dispatch/middleware/show_exceptions.rb:33:in `call'
railties (5.2.3) lib/rails/rack/logger.rb:38:in `call_app'
railties (5.2.3) lib/rails/rack/logger.rb:26:in `block in call'
activesupport (5.2.3) lib/active_support/tagged_logging.rb:71:in `block in tagged'
activesupport (5.2.3) lib/active_support/tagged_logging.rb:28:in `tagged'
activesupport (5.2.3) lib/active_support/tagged_logging.rb:71:in `tagged'
railties (5.2.3) lib/rails/rack/logger.rb:26:in `call'
sprockets-rails (3.2.1) lib/sprockets/rails/quiet_assets.rb:13:in `call'
actionpack (5.2.3) lib/action_dispatch/middleware/remote_ip.rb:81:in `call'
actionpack (5.2.3) lib/action_dispatch/middleware/request_id.rb:27:in `call'
rack (2.0.7) lib/rack/method_override.rb:22:in `call'
rack (2.0.7) lib/rack/runtime.rb:22:in `call'
activesupport (5.2.3) lib/active_support/cache/strategy/local_cache_middleware.rb:29:in `call'
actionpack (5.2.3) lib/action_dispatch/middleware/executor.rb:14:in `call'
actionpack (5.2.3) lib/action_dispatch/middleware/static.rb:127:in `call'
rack (2.0.7) lib/rack/sendfile.rb:111:in `call'
railties (5.2.3) lib/rails/engine.rb:524:in `call'
puma (3.12.1) lib/puma/configuration.rb:227:in `call'
puma (3.12.1) lib/puma/server.rb:660:in `handle_request'
puma (3.12.1) lib/puma/server.rb:474:in `process_client'
puma (3.12.1) lib/puma/server.rb:334:in `block in run'
puma (3.12.1) lib/puma/thread_pool.rb:135:in `block in spawn_thread'
Started POST "/session" for ::1 at 2019-11-26 16:21:46 -0800
Processing by SessionsController#create as HTML
  Parameters: {"authenticity_token"=>"ZxCt36kHVoSKniAS1XVf3eGNjoUws8mrisjRVSfVigHb4xA+toReSuyWWeMlWbrBafx0Rg6eGHtH49yx4Yiryw==", "user"=>{"email"=>"very_nice@nice.com", "password"=>"[FILTERED]"}}
  [1m[36mUser Load (0.7ms)[0m  [1m[34mSELECT  "users".* FROM "users" WHERE "users"."email" IS NULL LIMIT $1[0m  [["LIMIT", 1]]
  ↳ app/models/user.rb:16
  Rendering sessions/new.html.erb within layouts/application
  Rendered sessions/new.html.erb within layouts/application (0.8ms)
Completed 200 OK in 56ms (Views: 51.6ms | ActiveRecord: 0.7ms)


Started GET "/users/new" for ::1 at 2019-11-26 16:24:26 -0800
Processing by UsersController#new as HTML
  Rendering users/new.html.erb within layouts/application
  Rendered users/new.html.erb within layouts/application (1.0ms)
Completed 200 OK in 53ms (Views: 50.4ms | ActiveRecord: 0.0ms)


Started POST "/users" for ::1 at 2019-11-26 16:24:41 -0800
Processing by UsersController#create as HTML
  Parameters: {"authenticity_token"=>"8z8c0r3PQ3HbCHkwjBaZcFXIp57PnhLNszARcPhksVRPzKEzokxLv70AAMF8Onxs3bldXfGzwx1+GxyUPjmQng==", "user"=>{"email"=>"ok_ok@ok.com", "password"=>"[FILTERED]"}}
  [1m[35m (0.3ms)[0m  [1m[35mBEGIN[0m
  ↳ app/controllers/users_controller.rb:9
  [1m[36mUser Exists (0.6ms)[0m  [1m[34mSELECT  1 AS one FROM "users" WHERE "users"."email" = $1 LIMIT $2[0m  [["email", "ok_ok@ok.com"], ["LIMIT", 1]]
  ↳ app/controllers/users_controller.rb:9
  [1m[36mUser Exists (0.7ms)[0m  [1m[34mSELECT  1 AS one FROM "users" WHERE "users"."session_token" = $1 LIMIT $2[0m  [["session_token", "F7Q0ka-7lfABO94JZ6USoA"], ["LIMIT", 1]]
  ↳ app/controllers/users_controller.rb:9
  [1m[36mUser Create (0.7ms)[0m  [1m[32mINSERT INTO "users" ("email", "password_digest", "session_token", "created_at", "updated_at") VALUES ($1, $2, $3, $4, $5) RETURNING "id"[0m  [["email", "ok_ok@ok.com"], ["password_digest", "$2a$12$o7QYGJ5C4X34v1Xj8zqfZ.q94tY8uIQzKaZlw5I1QSo0QJERInova"], ["session_token", "F7Q0ka-7lfABO94JZ6USoA"], ["created_at", "2019-11-27 00:24:42.130584"], ["updated_at", "2019-11-27 00:24:42.130584"]]
  ↳ app/controllers/users_controller.rb:9
  [1m[35m (1.1ms)[0m  [1m[35mCOMMIT[0m
  ↳ app/controllers/users_controller.rb:9
  [1m[35m (0.2ms)[0m  [1m[35mBEGIN[0m
  ↳ app/models/user.rb:32
  [1m[36mUser Exists (0.4ms)[0m  [1m[34mSELECT  1 AS one FROM "users" WHERE "users"."email" = $1 AND "users"."id" != $2 LIMIT $3[0m  [["email", "ok_ok@ok.com"], ["id", 4], ["LIMIT", 1]]
  ↳ app/models/user.rb:32
  [1m[36mUser Exists (0.6ms)[0m  [1m[34mSELECT  1 AS one FROM "users" WHERE "users"."session_token" = $1 AND "users"."id" != $2 LIMIT $3[0m  [["session_token", "oWlJ4yNZcy5j9XnY6gKEvA"], ["id", 4], ["LIMIT", 1]]
  ↳ app/models/user.rb:32
  [1m[36mUser Update (0.5ms)[0m  [1m[33mUPDATE "users" SET "session_token" = $1, "updated_at" = $2 WHERE "users"."id" = $3[0m  [["session_token", "oWlJ4yNZcy5j9XnY6gKEvA"], ["updated_at", "2019-11-27 00:24:42.141212"], ["id", 4]]
  ↳ app/models/user.rb:32
  [1m[35m (0.4ms)[0m  [1m[35mCOMMIT[0m
  ↳ app/models/user.rb:32
Completed 200 OK in 349ms (Views: 0.7ms | ActiveRecord: 5.7ms)


Started GET "/session/new" for ::1 at 2019-11-26 16:24:53 -0800
Processing by SessionsController#new as HTML
  Rendering sessions/new.html.erb within layouts/application
  Rendered sessions/new.html.erb within layouts/application (2.0ms)
Completed 200 OK in 42ms (Views: 40.8ms | ActiveRecord: 0.0ms)


Started POST "/session" for ::1 at 2019-11-26 16:25:04 -0800
Processing by SessionsController#create as HTML
  Parameters: {"authenticity_token"=>"hiBa2CxeAq7NwMhuFiFTNIZCeZcFeC0KRtOM5CSvAAY60+c5M90KYKvIsZ/mDbYoDjODVDtV/NqL+IEA4vIhzA==", "user"=>{"email"=>"ok_ok@ok.com", "password"=>"[FILTERED]"}}
  [1m[36mUser Load (1.0ms)[0m  [1m[34mSELECT  "users".* FROM "users" WHERE "users"."email" IS NULL LIMIT $1[0m  [["LIMIT", 1]]
  ↳ app/models/user.rb:16
  Rendering sessions/new.html.erb within layouts/application
  Rendered sessions/new.html.erb within layouts/application (1.2ms)
Completed 200 OK in 73ms (Views: 67.3ms | ActiveRecord: 1.0ms)


Started GET "/session" for ::1 at 2019-11-26 16:26:36 -0800
  
ActionController::RoutingError (No route matches [GET] "/session"):
  
actionpack (5.2.3) lib/action_dispatch/middleware/debug_exceptions.rb:65:in `call'
web-console (3.7.0) lib/web_console/middleware.rb:135:in `call_app'
web-console (3.7.0) lib/web_console/middleware.rb:30:in `block in call'
web-console (3.7.0) lib/web_console/middleware.rb:20:in `catch'
web-console (3.7.0) lib/web_console/middleware.rb:20:in `call'
actionpack (5.2.3) lib/action_dispatch/middleware/show_exceptions.rb:33:in `call'
railties (5.2.3) lib/rails/rack/logger.rb:38:in `call_app'
railties (5.2.3) lib/rails/rack/logger.rb:26:in `block in call'
activesupport (5.2.3) lib/active_support/tagged_logging.rb:71:in `block in tagged'
activesupport (5.2.3) lib/active_support/tagged_logging.rb:28:in `tagged'
activesupport (5.2.3) lib/active_support/tagged_logging.rb:71:in `tagged'
railties (5.2.3) lib/rails/rack/logger.rb:26:in `call'
sprockets-rails (3.2.1) lib/sprockets/rails/quiet_assets.rb:13:in `call'
actionpack (5.2.3) lib/action_dispatch/middleware/remote_ip.rb:81:in `call'
actionpack (5.2.3) lib/action_dispatch/middleware/request_id.rb:27:in `call'
rack (2.0.7) lib/rack/method_override.rb:22:in `call'
rack (2.0.7) lib/rack/runtime.rb:22:in `call'
activesupport (5.2.3) lib/active_support/cache/strategy/local_cache_middleware.rb:29:in `call'
actionpack (5.2.3) lib/action_dispatch/middleware/executor.rb:14:in `call'
actionpack (5.2.3) lib/action_dispatch/middleware/static.rb:127:in `call'
rack (2.0.7) lib/rack/sendfile.rb:111:in `call'
railties (5.2.3) lib/rails/engine.rb:524:in `call'
puma (3.12.1) lib/puma/configuration.rb:227:in `call'
puma (3.12.1) lib/puma/server.rb:660:in `handle_request'
puma (3.12.1) lib/puma/server.rb:474:in `process_client'
puma (3.12.1) lib/puma/server.rb:334:in `block in run'
puma (3.12.1) lib/puma/thread_pool.rb:135:in `block in spawn_thread'
Started POST "/session" for ::1 at 2019-11-26 16:26:44 -0800

SyntaxError - syntax error, unexpected ']', expecting ')'
...dentials(params[:user][:email]], params[:user][:password])
...                              ^
/Users/mymac/Desktop/w7d2/music_app/app/controllers/sessions_controller.rb:8: syntax error, unexpected ')', expecting keyword_end
...il]], params[:user][:password])
...                              ^:
  app/controllers/sessions_controller.rb:8:in `'

Started POST "/__better_errors/eee380e1f33aff2d/variables" for ::1 at 2019-11-26 16:26:44 -0800
Started GET "/session/new" for ::1 at 2019-11-26 16:27:02 -0800
Processing by SessionsController#new as HTML
  Rendering sessions/new.html.erb within layouts/application
  Rendered sessions/new.html.erb within layouts/application (0.8ms)
Completed 200 OK in 66ms (Views: 44.7ms | ActiveRecord: 9.4ms)


Started POST "/session" for ::1 at 2019-11-26 16:27:08 -0800
Processing by SessionsController#create as HTML
  Parameters: {"authenticity_token"=>"8clhfh9F2tIzrURk7jmEvQfnnu74hS86R/7PyTH9W3FNOtyfAMbSHFWlPZUeFWGhj5ZkLcao/uqK1cIt96B6uw==", "user"=>{"email"=>"ok_ok@ok.com", "password"=>"[FILTERED]"}}
  [1m[36mUser Load (0.5ms)[0m  [1m[34mSELECT  "users".* FROM "users" WHERE "users"."email" = $1 LIMIT $2[0m  [["email", "ok_ok@ok.com"], ["LIMIT", 1]]
  ↳ app/models/user.rb:16
  Rendering sessions/new.html.erb within layouts/application
  Rendered sessions/new.html.erb within layouts/application (0.7ms)
Completed 200 OK in 380ms (Views: 37.0ms | ActiveRecord: 0.5ms)


Started GET "/session" for ::1 at 2019-11-26 16:27:59 -0800
  
ActionController::RoutingError (No route matches [GET] "/session"):
  
actionpack (5.2.3) lib/action_dispatch/middleware/debug_exceptions.rb:65:in `call'
web-console (3.7.0) lib/web_console/middleware.rb:135:in `call_app'
web-console (3.7.0) lib/web_console/middleware.rb:30:in `block in call'
web-console (3.7.0) lib/web_console/middleware.rb:20:in `catch'
web-console (3.7.0) lib/web_console/middleware.rb:20:in `call'
actionpack (5.2.3) lib/action_dispatch/middleware/show_exceptions.rb:33:in `call'
railties (5.2.3) lib/rails/rack/logger.rb:38:in `call_app'
railties (5.2.3) lib/rails/rack/logger.rb:26:in `block in call'
activesupport (5.2.3) lib/active_support/tagged_logging.rb:71:in `block in tagged'
activesupport (5.2.3) lib/active_support/tagged_logging.rb:28:in `tagged'
activesupport (5.2.3) lib/active_support/tagged_logging.rb:71:in `tagged'
railties (5.2.3) lib/rails/rack/logger.rb:26:in `call'
sprockets-rails (3.2.1) lib/sprockets/rails/quiet_assets.rb:13:in `call'
actionpack (5.2.3) lib/action_dispatch/middleware/remote_ip.rb:81:in `call'
actionpack (5.2.3) lib/action_dispatch/middleware/request_id.rb:27:in `call'
rack (2.0.7) lib/rack/method_override.rb:22:in `call'
rack (2.0.7) lib/rack/runtime.rb:22:in `call'
activesupport (5.2.3) lib/active_support/cache/strategy/local_cache_middleware.rb:29:in `call'
actionpack (5.2.3) lib/action_dispatch/middleware/executor.rb:14:in `call'
actionpack (5.2.3) lib/action_dispatch/middleware/static.rb:127:in `call'
rack (2.0.7) lib/rack/sendfile.rb:111:in `call'
railties (5.2.3) lib/rails/engine.rb:524:in `call'
puma (3.12.1) lib/puma/configuration.rb:227:in `call'
puma (3.12.1) lib/puma/server.rb:660:in `handle_request'
puma (3.12.1) lib/puma/server.rb:474:in `process_client'
puma (3.12.1) lib/puma/server.rb:334:in `block in run'
puma (3.12.1) lib/puma/thread_pool.rb:135:in `block in spawn_thread'
Started GET "/session/new" for ::1 at 2019-11-26 16:28:03 -0800
Processing by SessionsController#new as HTML
  Rendering sessions/new.html.erb within layouts/application
  Rendered sessions/new.html.erb within layouts/application (0.8ms)
Completed 200 OK in 42ms (Views: 40.9ms | ActiveRecord: 0.0ms)


Started POST "/session" for ::1 at 2019-11-26 16:28:11 -0800
Processing by SessionsController#create as HTML
  Parameters: {"authenticity_token"=>"ppi4eEcZdLQpVorxdmTNzjS30QOPjYabBsa7OpzmpVcaawWZWJp8ek9e8wCGSCjSvMYrwLGgV0vL7bbeWruEnQ==", "user"=>{"email"=>"ok_ok@ok.com", "password"=>"[FILTERED]"}}
  [1m[36mUser Load (0.6ms)[0m  [1m[34mSELECT  "users".* FROM "users" WHERE "users"."email" = $1 LIMIT $2[0m  [["email", "ok_ok@ok.com"], ["LIMIT", 1]]
  ↳ app/models/user.rb:16
  [1m[35m (0.2ms)[0m  [1m[35mBEGIN[0m
  ↳ app/models/user.rb:32
  [1m[36mUser Exists (0.5ms)[0m  [1m[34mSELECT  1 AS one FROM "users" WHERE "users"."email" = $1 AND "users"."id" != $2 LIMIT $3[0m  [["email", "ok_ok@ok.com"], ["id", 4], ["LIMIT", 1]]
  ↳ app/models/user.rb:32
  [1m[36mUser Exists (0.5ms)[0m  [1m[34mSELECT  1 AS one FROM "users" WHERE "users"."session_token" = $1 AND "users"."id" != $2 LIMIT $3[0m  [["session_token", "zId7NJErplmn1s5Ol555Nw"], ["id", 4], ["LIMIT", 1]]
  ↳ app/models/user.rb:32
  [1m[36mUser Update (0.6ms)[0m  [1m[33mUPDATE "users" SET "session_token" = $1, "updated_at" = $2 WHERE "users"."id" = $3[0m  [["session_token", "zId7NJErplmn1s5Ol555Nw"], ["updated_at", "2019-11-27 00:28:11.552743"], ["id", 4]]
  ↳ app/models/user.rb:32
  [1m[35m (1.1ms)[0m  [1m[35mCOMMIT[0m
  ↳ app/models/user.rb:32
Redirected to http://localhost:3000/users/4
Completed 302 Found in 345ms (ActiveRecord: 3.5ms)


Started GET "/users/4" for ::1 at 2019-11-26 16:28:11 -0800

AbstractController::ActionNotFound - The action 'show' could not be found for UsersController:

Started POST "/__better_errors/941df86334bf3156/variables" for ::1 at 2019-11-26 16:28:11 -0800
Started GET "/session/new" for ::1 at 2019-11-26 16:28:41 -0800
Processing by SessionsController#new as HTML
  Rendering sessions/new.html.erb within layouts/application
  Rendered sessions/new.html.erb within layouts/application (0.8ms)
Completed 200 OK in 66ms (Views: 46.5ms | ActiveRecord: 6.7ms)


Started POST "/session" for ::1 at 2019-11-26 16:28:51 -0800
Processing by SessionsController#create as HTML
  Parameters: {"authenticity_token"=>"/eofOph4MNNxcj+Qrs/mbLO/LOY2Hel861bL+m1FyKpBGaLbh/s4HRd6RmFe4wNwO87WJQgwOKwmfcYeqxjpYA==", "user"=>{"email"=>"very_nice@nice.com", "password"=>"[FILTERED]"}}
  [1m[36mUser Load (0.8ms)[0m  [1m[34mSELECT  "users".* FROM "users" WHERE "users"."email" = $1 LIMIT $2[0m  [["email", "very_nice@nice.com"], ["LIMIT", 1]]
  ↳ app/models/user.rb:16
  [1m[35m (0.2ms)[0m  [1m[35mBEGIN[0m
  ↳ app/models/user.rb:32
  [1m[36mUser Exists (0.5ms)[0m  [1m[34mSELECT  1 AS one FROM "users" WHERE "users"."email" = $1 AND "users"."id" != $2 LIMIT $3[0m  [["email", "very_nice@nice.com"], ["id", 3], ["LIMIT", 1]]
  ↳ app/models/user.rb:32
  [1m[36mUser Exists (0.5ms)[0m  [1m[34mSELECT  1 AS one FROM "users" WHERE "users"."session_token" = $1 AND "users"."id" != $2 LIMIT $3[0m  [["session_token", "Rvs3J289A5DkQ9d1ueLw-Q"], ["id", 3], ["LIMIT", 1]]
  ↳ app/models/user.rb:32
  [1m[36mUser Update (0.7ms)[0m  [1m[33mUPDATE "users" SET "session_token" = $1, "updated_at" = $2 WHERE "users"."id" = $3[0m  [["session_token", "Rvs3J289A5DkQ9d1ueLw-Q"], ["updated_at", "2019-11-27 00:28:51.430688"], ["id", 3]]
  ↳ app/models/user.rb:32
  [1m[35m (0.5ms)[0m  [1m[35mCOMMIT[0m
  ↳ app/models/user.rb:32
Completed 200 OK in 343ms (Views: 0.5ms | ActiveRecord: 3.2ms)


  [1m[35m (0.7ms)[0m  [1m[34mSELECT pg_try_advisory_lock(4505726345591715405)[0m
  ↳ bin/rails:9
  [1m[35m (36.2ms)[0m  [1m[34mSELECT "schema_migrations"."version" FROM "schema_migrations" ORDER BY "schema_migrations"."version" ASC[0m
  ↳ bin/rails:9
Migrating to CreateBands (20191127003130)
  [1m[35m (0.3ms)[0m  [1m[35mBEGIN[0m
  ↳ bin/rails:9
  [1m[35m (37.3ms)[0m  [1m[35mCREATE TABLE "bands" ("id" bigserial primary key, "name" character varying NOT NULL, "created_at" timestamp NOT NULL, "updated_at" timestamp NOT NULL)[0m
  ↳ db/migrate/20191127003130_create_bands.rb:3
  [1m[36mActiveRecord::SchemaMigration Create (0.6ms)[0m  [1m[32mINSERT INTO "schema_migrations" ("version") VALUES ($1) RETURNING "version"[0m  [["version", "20191127003130"]]
  ↳ bin/rails:9
  [1m[35m (1.2ms)[0m  [1m[35mCOMMIT[0m
  ↳ bin/rails:9
  [1m[36mActiveRecord::InternalMetadata Load (0.6ms)[0m  [1m[34mSELECT  "ar_internal_metadata".* FROM "ar_internal_metadata" WHERE "ar_internal_metadata"."key" = $1 LIMIT $2[0m  [["key", "environment"], ["LIMIT", 1]]
  ↳ bin/rails:9
  [1m[35m (0.2ms)[0m  [1m[35mBEGIN[0m
  ↳ bin/rails:9
  [1m[35m (0.2ms)[0m  [1m[35mCOMMIT[0m
  ↳ bin/rails:9
  [1m[35m (0.6ms)[0m  [1m[34mSELECT pg_advisory_unlock(4505726345591715405)[0m
  ↳ bin/rails:9
  [1m[35m (0.3ms)[0m  [1m[34mSELECT "schema_migrations"."version" FROM "schema_migrations" ORDER BY "schema_migrations"."version" ASC[0m
  ↳ bin/rails:9
